#
# There is insufficient memory for the Java Runtime Environment to continue.
# Native memory allocation (mmap) failed to map 405798912 bytes for Failed to commit area from 0x000000008c900000 to 0x00000000a4c00000 of length 405798912.
# Possible reasons:
#   The system is out of physical RAM or swap space
#   The process is running with CompressedOops enabled, and the Java Heap may be blocking the growth of the native heap
# Possible solutions:
#   Reduce memory load on the system
#   Increase physical memory or swap space
#   Check if swap backing store is full
#   Decrease Java heap size (-Xmx/-Xms)
#   Decrease number of Java threads
#   Decrease Java thread stack sizes (-Xss)
#   Set larger code cache with -XX:ReservedCodeCacheSize=
#   JVM is running with Unscaled Compressed Oops mode in which the Java heap is
#     placed in the first 4GB address space. The Java Heap base address is the
#     maximum limit for the native heap growth. Please use -XX:HeapBaseMinAddress
#     to set the Java Heap base and to place the Java Heap above 4GB virtual address.
# This output file may be truncated or incomplete.
#
#  Out of Memory Error (./src/hotspot/os/windows/os_windows.cpp:3619), pid=6824, tid=13444
#
# JRE version: OpenJDK Runtime Environment (11.0.13) (build 11.0.13+0-b1751.21-8125866)
# Java VM: OpenJDK 64-Bit Server VM (11.0.13+0-b1751.21-8125866, mixed mode, tiered, compressed oops, g1 gc, windows-amd64)
# No core dump will be written. Minidumps are not enabled by default on client versions of Windows
#

---------------  S U M M A R Y ------------

Command Line: --add-opens=java.base/java.util=ALL-UNNAMED --add-opens=java.base/java.lang=ALL-UNNAMED --add-opens=java.base/java.lang.invoke=ALL-UNNAMED --add-opens=java.base/java.util=ALL-UNNAMED --add-opens=java.prefs/java.util.prefs=ALL-UNNAMED --add-opens=java.prefs/java.util.prefs=ALL-UNNAMED --add-opens=java.base/java.nio.charset=ALL-UNNAMED --add-opens=java.base/java.net=ALL-UNNAMED --add-opens=java.base/java.util.concurrent.atomic=ALL-UNNAMED -Xmx2048m -Dfile.encoding=UTF-8 -Duser.country=ID -Duser.language=en -Duser.variant org.gradle.launcher.daemon.bootstrap.GradleDaemon 7.4

Host: Intel(R) Core(TM) i3-10110U CPU @ 2.10GHz, 4 cores, 3G,  Windows 10 , 64 bit Build 19041 (10.0.19041.1889)
Time: Tue Nov  1 15:48:37 2022 SE Asia Standard Time elapsed time: 2878.864465 seconds (0d 0h 47m 58s)

---------------  T H R E A D  ---------------

Current thread (0x0000017df2654000):  VMThread "VM Thread" [stack: 0x00000046f0100000,0x00000046f0200000] [id=13444]

Stack: [0x00000046f0100000,0x00000046f0200000]
[error occurred during error reporting (printing stack bounds), id 0xc0000005, EXCEPTION_ACCESS_VIOLATION (0xc0000005) at pc=0x0000017ddc5b112d]

Native frames: (J=compiled Java code, j=interpreted, Vv=VM code, C=native code)
V  [jvm.dll+0x6100fa]
V  [jvm.dll+0x747090]
V  [jvm.dll+0x7486ad]
V  [jvm.dll+0x748ce5]
V  [jvm.dll+0x748c9b]
V  [jvm.dll+0x60f224]
V  [jvm.dll+0x60f9b8]
C  [ntdll.dll+0xa241f]
C  [ntdll.dll+0x514a4]
C  [ntdll.dll+0xa0f4e]
C  0x0000017ddc5b112d

VM_Operation (0x00000046f55fa330): G1CollectForAllocation, mode: safepoint, requested by thread 0x0000017df6783800


---------------  P R O C E S S  ---------------

Threads class SMR info:
_java_thread_list=0x0000017dfe6ba350, length=97, elements={
0x0000017dd8a8d800, 0x0000017df2658000, 0x0000017df2663800, 0x0000017df26b4800,
0x0000017df26b9000, 0x0000017df26bb000, 0x0000017df26c9800, 0x0000017df26cb800,
0x0000017df26d5800, 0x0000017df3144800, 0x0000017df3cc6800, 0x0000017df4b79800,
0x0000017df474b800, 0x0000017df431d000, 0x0000017df431e800, 0x0000017df431e000,
0x0000017df4320800, 0x0000017df431b800, 0x0000017df677a800, 0x0000017df677d000,
0x0000017df677f000, 0x0000017df677f800, 0x0000017df6781000, 0x0000017df71eb000,
0x0000017df71f1800, 0x0000017df71f0000, 0x0000017df3a3d000, 0x0000017df4646000,
0x0000017df464d800, 0x0000017df3a3a000, 0x0000017df3a3a800, 0x0000017df3a36800,
0x0000017df3a37800, 0x0000017df3a3c800, 0x0000017df3a3e000, 0x0000017df3a38000,
0x0000017df3a3b800, 0x0000017df3a3f000, 0x0000017df3a39000, 0x0000017df3a45800,
0x0000017df3a43800, 0x0000017df3a3f800, 0x0000017df3a40800, 0x0000017df3a41000,
0x0000017df3a43000, 0x0000017df3a42000, 0x0000017df3a44800, 0x0000017df71e8800,
0x0000017df71e6000, 0x0000017df71ec000, 0x0000017df71e7000, 0x0000017df71e9800,
0x0000017df71ec800, 0x0000017df71e8000, 0x0000017df71ef000, 0x0000017df71ea800,
0x0000017df71f1000, 0x0000017df71ee800, 0x0000017df71f2800, 0x0000017df71ed800,
0x0000017df71f3000, 0x0000017df71f4000, 0x0000017df71f5000, 0x0000017df4644800,
0x0000017df4649800, 0x0000017df4648000, 0x0000017df4648800, 0x0000017df4645800,
0x0000017df464a800, 0x0000017df464b000, 0x0000017df464c000, 0x0000017df4647000,
0x0000017df4651800, 0x0000017df464c800, 0x0000017df4653000, 0x0000017df4651000,
0x0000017df464e800, 0x0000017df464f000, 0x0000017df4652800, 0x0000017df677b800,
0x0000017df6780800, 0x0000017df6782000, 0x0000017df677c800, 0x0000017df6784800,
0x0000017df6785800, 0x0000017df6783800, 0x0000017df6786000, 0x0000017df6787000,
0x0000017df6787800, 0x0000017df6783000, 0x0000017df6788800, 0x0000017df6789800,
0x0000017df4321000, 0x0000017df4322000, 0x0000017df431c000, 0x0000017df563d800,
0x0000017df563e800
}

Java Threads: ( => current thread )
  0x0000017dd8a8d800 JavaThread "main" [_thread_blocked, id=2488, stack(0x00000046efb00000,0x00000046efc00000)]
  0x0000017df2658000 JavaThread "Reference Handler" daemon [_thread_blocked, id=2028, stack(0x00000046f0200000,0x00000046f0300000)]
  0x0000017df2663800 JavaThread "Finalizer" daemon [_thread_blocked, id=16324, stack(0x00000046f0300000,0x00000046f0400000)]
  0x0000017df26b4800 JavaThread "Signal Dispatcher" daemon [_thread_blocked, id=10676, stack(0x00000046f0400000,0x00000046f0500000)]
  0x0000017df26b9000 JavaThread "Attach Listener" daemon [_thread_blocked, id=14112, stack(0x00000046f0500000,0x00000046f0600000)]
  0x0000017df26bb000 JavaThread "Service Thread" daemon [_thread_blocked, id=1476, stack(0x00000046f0600000,0x00000046f0700000)]
  0x0000017df26c9800 JavaThread "C2 CompilerThread0" daemon [_thread_blocked, id=4496, stack(0x00000046f0700000,0x00000046f0800000)]
  0x0000017df26cb800 JavaThread "C1 CompilerThread0" daemon [_thread_blocked, id=15420, stack(0x00000046f0800000,0x00000046f0900000)]
  0x0000017df26d5800 JavaThread "Sweeper thread" daemon [_thread_blocked, id=6900, stack(0x00000046f0900000,0x00000046f0a00000)]
  0x0000017df3144800 JavaThread "Common-Cleaner" daemon [_thread_blocked, id=6328, stack(0x00000046f0a00000,0x00000046f0b00000)]
  0x0000017df3cc6800 JavaThread "Daemon health stats" [_thread_blocked, id=18312, stack(0x00000046f0d00000,0x00000046f0e00000)]
  0x0000017df4b79800 JavaThread "Incoming local TCP Connector on port 14235" [_thread_in_native, id=7100, stack(0x00000046f0e00000,0x00000046f0f00000)]
  0x0000017df474b800 JavaThread "Daemon periodic checks" [_thread_blocked, id=4636, stack(0x00000046f0f00000,0x00000046f1000000)]
  0x0000017df431d000 JavaThread "Cache worker for journal cache (D:\pertemuan3\pertemuan3\caches\journal-1)" [_thread_blocked, id=14568, stack(0x00000046f1900000,0x00000046f1a00000)]
  0x0000017df431e800 JavaThread "File lock request listener" [_thread_in_native, id=12276, stack(0x00000046f1a00000,0x00000046f1b00000)]
  0x0000017df431e000 JavaThread "Cache worker for file hash cache (D:\pertemuan3\pertemuan3\caches\7.4\fileHashes)" [_thread_blocked, id=2304, stack(0x00000046f1b00000,0x00000046f1c00000)]
  0x0000017df4320800 JavaThread "File watcher server" daemon [_thread_blocked, id=17516, stack(0x00000046f1c00000,0x00000046f1d00000)]
  0x0000017df431b800 JavaThread "File watcher consumer" daemon [_thread_blocked, id=8352, stack(0x00000046f1d00000,0x00000046f1e00000)]
  0x0000017df677a800 JavaThread "Cache worker for execution history cache (D:\pertemuan3\pertemuan3\caches\7.4\executionHistory)" [_thread_blocked, id=16660, stack(0x00000046f2200000,0x00000046f2300000)]
  0x0000017df677d000 JavaThread "jar transforms" [_thread_blocked, id=4344, stack(0x00000046f2300000,0x00000046f2400000)]
  0x0000017df677f000 JavaThread "Cache worker for file content cache (D:\pertemuan3\pertemuan3\caches\7.4\fileContent)" [_thread_blocked, id=13432, stack(0x00000046f2400000,0x00000046f2500000)]
  0x0000017df677f800 JavaThread "jar transforms Thread 2" [_thread_blocked, id=17868, stack(0x00000046f2500000,0x00000046f2600000)]
  0x0000017df6781000 JavaThread "jar transforms Thread 3" [_thread_blocked, id=16560, stack(0x00000046f2700000,0x00000046f2800000)]
  0x0000017df71eb000 JavaThread "jar transforms Thread 4" [_thread_blocked, id=1940, stack(0x00000046f5100000,0x00000046f5200000)]
  0x0000017df71f1800 JavaThread "Memory manager" [_thread_blocked, id=8152, stack(0x00000046f5200000,0x00000046f5300000)]
  0x0000017df71f0000 JavaThread "pool-3-thread-1" [_thread_blocked, id=13088, stack(0x00000046f5400000,0x00000046f5500000)]
  0x0000017df3a3d000 JavaThread "pool-7-thread-1" [_thread_blocked, id=12100, stack(0x00000046f5300000,0x00000046f5400000)]
  0x0000017df4646000 JavaThread "Cache worker for Java compile cache (D:\pertemuan3\pertemuan3\caches\7.4\javaCompile)" [_thread_blocked, id=1096, stack(0x00000046f5600000,0x00000046f5700000)]
  0x0000017df464d800 JavaThread "ForkJoinPool.commonPool-worker-7" daemon [_thread_blocked, id=4348, stack(0x00000046f6900000,0x00000046f6a00000)]
  0x0000017df3a3a000 JavaThread "Daemon Thread 2" [_thread_blocked, id=17040, stack(0x00000046ef800000,0x00000046ef900000)]
  0x0000017df3a3a800 JavaThread "Handler for socket connection from /127.0.0.1:14235 to /127.0.0.1:1221" [_thread_in_native, id=10340, stack(0x00000046ef900000,0x00000046efa00000)]
  0x0000017df3a36800 JavaThread "Cancel handler" [_thread_blocked, id=10040, stack(0x00000046efa00000,0x00000046efb00000)]
  0x0000017df3a37800 JavaThread "Daemon worker Thread 2" [_thread_blocked, id=8808, stack(0x00000046f1000000,0x00000046f1100000)]
  0x0000017df3a3c800 JavaThread "Asynchronous log dispatcher for DefaultDaemonConnection: socket connection from /127.0.0.1:14235 to /127.0.0.1:1221" [_thread_blocked, id=16552, stack(0x00000046f1100000,0x00000046f1200000)]
  0x0000017df3a3e000 JavaThread "Stdin handler" [_thread_blocked, id=15668, stack(0x00000046f1200000,0x00000046f1300000)]
  0x0000017df3a38000 JavaThread "Daemon client event forwarder" [_thread_blocked, id=13380, stack(0x00000046f1500000,0x00000046f1600000)]
  0x0000017df3a3b800 JavaThread "Cache worker for checksums cache (D:\ws4_acrionBar\ws4_acrionBar\.gradle\7.4\checksums)" [_thread_blocked, id=17352, stack(0x00000046f1700000,0x00000046f1800000)]
  0x0000017df3a3f000 JavaThread "Cache worker for cache directory md-rule (D:\pertemuan3\pertemuan3\caches\7.4\md-rule)" [_thread_blocked, id=15120, stack(0x00000046f1800000,0x00000046f1900000)]
  0x0000017df3a39000 JavaThread "Cache worker for file hash cache (D:\ws4_acrionBar\ws4_acrionBar\.gradle\7.4\fileHashes)" [_thread_blocked, id=16744, stack(0x00000046f1e00000,0x00000046f1f00000)]
  0x0000017df3a45800 JavaThread "Cache worker for cache directory md-supplier (D:\pertemuan3\pertemuan3\caches\7.4\md-supplier)" [_thread_blocked, id=15044, stack(0x00000046f1f00000,0x00000046f2000000)]
  0x0000017df3a43800 JavaThread "Cache worker for dependencies-accessors (D:\ws4_acrionBar\ws4_acrionBar\.gradle\7.4\dependencies-accessors)" [_thread_blocked, id=14920, stack(0x00000046f1600000,0x00000046f1700000)]
  0x0000017df3a3f800 JavaThread "Cache worker for Build Output Cleanup Cache (D:\ws4_acrionBar\ws4_acrionBar\.gradle\buildOutputCleanup)" [_thread_blocked, id=6576, stack(0x00000046f2000000,0x00000046f2100000)]
  0x0000017df3a40800 JavaThread "Unconstrained build operations" [_thread_blocked, id=17816, stack(0x00000046f2100000,0x00000046f2200000)]
  0x0000017df3a41000 JavaThread "Unconstrained build operations Thread 2" [_thread_blocked, id=1660, stack(0x00000046f2600000,0x00000046f2700000)]
  0x0000017df3a43000 JavaThread "Unconstrained build operations Thread 3" [_thread_blocked, id=18068, stack(0x00000046f2800000,0x00000046f2900000)]
  0x0000017df3a42000 JavaThread "Unconstrained build operations Thread 4" [_thread_blocked, id=12112, stack(0x00000046f2900000,0x00000046f2a00000)]
  0x0000017df3a44800 JavaThread "Unconstrained build operations Thread 5" [_thread_blocked, id=11456, stack(0x00000046f2a00000,0x00000046f2b00000)]
  0x0000017df71e8800 JavaThread "Unconstrained build operations Thread 6" [_thread_blocked, id=3288, stack(0x00000046f2b00000,0x00000046f2c00000)]
  0x0000017df71e6000 JavaThread "Unconstrained build operations Thread 7" [_thread_blocked, id=3184, stack(0x00000046f2c00000,0x00000046f2d00000)]
  0x0000017df71ec000 JavaThread "Unconstrained build operations Thread 8" [_thread_blocked, id=5860, stack(0x00000046f2d00000,0x00000046f2e00000)]
  0x0000017df71e7000 JavaThread "Unconstrained build operations Thread 9" [_thread_blocked, id=13832, stack(0x00000046f2e00000,0x00000046f2f00000)]
  0x0000017df71e9800 JavaThread "Unconstrained build operations Thread 10" [_thread_blocked, id=3396, stack(0x00000046f2f00000,0x00000046f3000000)]
  0x0000017df71ec800 JavaThread "Unconstrained build operations Thread 11" [_thread_blocked, id=13700, stack(0x00000046f3000000,0x00000046f3100000)]
  0x0000017df71e8000 JavaThread "Unconstrained build operations Thread 12" [_thread_blocked, id=10216, stack(0x00000046f3100000,0x00000046f3200000)]
  0x0000017df71ef000 JavaThread "Unconstrained build operations Thread 13" [_thread_blocked, id=9296, stack(0x00000046f3200000,0x00000046f3300000)]
  0x0000017df71ea800 JavaThread "Unconstrained build operations Thread 14" [_thread_blocked, id=1472, stack(0x00000046f3300000,0x00000046f3400000)]
  0x0000017df71f1000 JavaThread "Unconstrained build operations Thread 15" [_thread_blocked, id=1428, stack(0x00000046f3400000,0x00000046f3500000)]
  0x0000017df71ee800 JavaThread "Unconstrained build operations Thread 16" [_thread_blocked, id=17528, stack(0x00000046f3500000,0x00000046f3600000)]
  0x0000017df71f2800 JavaThread "Unconstrained build operations Thread 17" [_thread_blocked, id=3516, stack(0x00000046f3600000,0x00000046f3700000)]
  0x0000017df71ed800 JavaThread "Unconstrained build operations Thread 18" [_thread_blocked, id=3388, stack(0x00000046f3700000,0x00000046f3800000)]
  0x0000017df71f3000 JavaThread "Unconstrained build operations Thread 19" [_thread_blocked, id=15268, stack(0x00000046f3800000,0x00000046f3900000)]
  0x0000017df71f4000 JavaThread "Unconstrained build operations Thread 20" [_thread_blocked, id=14516, stack(0x00000046f3900000,0x00000046f3a00000)]
  0x0000017df71f5000 JavaThread "Unconstrained build operations Thread 21" [_thread_blocked, id=16944, stack(0x00000046f3a00000,0x00000046f3b00000)]
  0x0000017df4644800 JavaThread "Unconstrained build operations Thread 22" [_thread_blocked, id=12264, stack(0x00000046f3b00000,0x00000046f3c00000)]
  0x0000017df4649800 JavaThread "Unconstrained build operations Thread 23" [_thread_blocked, id=4380, stack(0x00000046f3c00000,0x00000046f3d00000)]
  0x0000017df4648000 JavaThread "Unconstrained build operations Thread 24" [_thread_blocked, id=3524, stack(0x00000046f3d00000,0x00000046f3e00000)]
  0x0000017df4648800 JavaThread "Unconstrained build operations Thread 25" [_thread_blocked, id=5244, stack(0x00000046f3e00000,0x00000046f3f00000)]
  0x0000017df4645800 JavaThread "Unconstrained build operations Thread 26" [_thread_blocked, id=5752, stack(0x00000046f3f00000,0x00000046f4000000)]
  0x0000017df464a800 JavaThread "Unconstrained build operations Thread 27" [_thread_blocked, id=3224, stack(0x00000046f4000000,0x00000046f4100000)]
  0x0000017df464b000 JavaThread "Unconstrained build operations Thread 28" [_thread_blocked, id=1260, stack(0x00000046f4100000,0x00000046f4200000)]
  0x0000017df464c000 JavaThread "Unconstrained build operations Thread 29" [_thread_blocked, id=18336, stack(0x00000046f4200000,0x00000046f4300000)]
  0x0000017df4647000 JavaThread "Unconstrained build operations Thread 30" [_thread_blocked, id=13864, stack(0x00000046f4300000,0x00000046f4400000)]
  0x0000017df4651800 JavaThread "Unconstrained build operations Thread 31" [_thread_blocked, id=13596, stack(0x00000046f4400000,0x00000046f4500000)]
  0x0000017df464c800 JavaThread "Unconstrained build operations Thread 32" [_thread_blocked, id=14220, stack(0x00000046f4500000,0x00000046f4600000)]
  0x0000017df4653000 JavaThread "Unconstrained build operations Thread 33" [_thread_blocked, id=14972, stack(0x00000046f4600000,0x00000046f4700000)]
  0x0000017df4651000 JavaThread "Unconstrained build operations Thread 34" [_thread_blocked, id=10400, stack(0x00000046f4700000,0x00000046f4800000)]
  0x0000017df464e800 JavaThread "Unconstrained build operations Thread 35" [_thread_blocked, id=11320, stack(0x00000046f4800000,0x00000046f4900000)]
  0x0000017df464f000 JavaThread "Unconstrained build operations Thread 36" [_thread_blocked, id=15552, stack(0x00000046f4900000,0x00000046f4a00000)]
  0x0000017df4652800 JavaThread "Unconstrained build operations Thread 37" [_thread_blocked, id=1100, stack(0x00000046f4a00000,0x00000046f4b00000)]
  0x0000017df677b800 JavaThread "Unconstrained build operations Thread 38" [_thread_blocked, id=9324, stack(0x00000046f4b00000,0x00000046f4c00000)]
  0x0000017df6780800 JavaThread "Unconstrained build operations Thread 39" [_thread_blocked, id=10360, stack(0x00000046f4c00000,0x00000046f4d00000)]
  0x0000017df6782000 JavaThread "Unconstrained build operations Thread 40" [_thread_blocked, id=17092, stack(0x00000046f4d00000,0x00000046f4e00000)]
  0x0000017df677c800 JavaThread "build event listener" [_thread_blocked, id=11108, stack(0x00000046f4e00000,0x00000046f4f00000)]
  0x0000017df6784800 JavaThread "pool-12-thread-1" [_thread_blocked, id=3764, stack(0x00000046f4f00000,0x00000046f5000000)]
  0x0000017df6785800 JavaThread "build event listener" [_thread_blocked, id=9552, stack(0x00000046f5000000,0x00000046f5100000)]
  0x0000017df6783800 JavaThread "included builds" [_thread_blocked, id=672, stack(0x00000046f5500000,0x00000046f5600000)]
  0x0000017df6786000 JavaThread "Execution worker for ':'" [_thread_blocked, id=10480, stack(0x00000046f5700000,0x00000046f5800000)]
  0x0000017df6787000 JavaThread "Execution worker for ':' Thread 2" [_thread_blocked, id=2540, stack(0x00000046f5800000,0x00000046f5900000)]
  0x0000017df6787800 JavaThread "Execution worker for ':' Thread 3" [_thread_blocked, id=13852, stack(0x00000046f5900000,0x00000046f5a00000)]
  0x0000017df6783000 JavaThread "Cache worker for execution history cache (D:\ws4_acrionBar\ws4_acrionBar\.gradle\7.4\executionHistory)" [_thread_blocked, id=18364, stack(0x00000046f5a00000,0x00000046f5b00000)]
  0x0000017df6788800 JavaThread "WorkerExecutor Queue" [_thread_blocked, id=10512, stack(0x00000046f5b00000,0x00000046f5c00000)]
  0x0000017df6789800 JavaThread "WorkerExecutor Queue Thread 2" [_thread_blocked, id=11832, stack(0x00000046f5c00000,0x00000046f5d00000)]
  0x0000017df4321000 JavaThread "WorkerExecutor Queue Thread 3" [_thread_blocked, id=11672, stack(0x00000046f5d00000,0x00000046f5e00000)]
  0x0000017df4322000 JavaThread "WorkerExecutor Queue Thread 4" [_thread_blocked, id=4364, stack(0x00000046f5f00000,0x00000046f6000000)]
  0x0000017df431c000 JavaThread "pool-13-thread-1" [_thread_blocked, id=8876, stack(0x00000046f6000000,0x00000046f6100000)]
  0x0000017df563d800 JavaThread "stderr" [_thread_in_native, id=16284, stack(0x00000046f6100000,0x00000046f6200000)]
  0x0000017df563e800 JavaThread "stdout" [_thread_in_native, id=12372, stack(0x00000046f6200000,0x00000046f6300000)]

Other Threads:
=>0x0000017df2654000 VMThread "VM Thread" [stack: 0x00000046f0100000,0x00000046f0200000] [id=13444]
  0x0000017df3165800 WatcherThread [stack: 0x00000046f0b00000,0x00000046f0c00000] [id=10336]
  0x0000017dd8aa6800 GCTaskThread "GC Thread#0" [stack: 0x00000046efc00000,0x00000046efd00000] [id=9860]
  0x0000017df35a6800 GCTaskThread "GC Thread#1" [stack: 0x00000046f0c00000,0x00000046f0d00000] [id=16860]
  0x0000017df54ef000 GCTaskThread "GC Thread#2" [stack: 0x00000046f1300000,0x00000046f1400000] [id=1448]
  0x0000017df4b6d000 GCTaskThread "GC Thread#3" [stack: 0x00000046f1400000,0x00000046f1500000] [id=14872]
  0x0000017dd8ad7800 ConcurrentGCThread "G1 Main Marker" [stack: 0x00000046efd00000,0x00000046efe00000] [id=11216]
  0x0000017dd8ad8800 ConcurrentGCThread "G1 Conc#0" [stack: 0x00000046efe00000,0x00000046eff00000] [id=4064]
  0x0000017dd8b34800 ConcurrentGCThread "G1 Refine#0" [stack: 0x00000046eff00000,0x00000046f0000000] [id=15520]
  0x0000017dd8b35800 ConcurrentGCThread "G1 Young RemSet Sampling" [stack: 0x00000046f0000000,0x00000046f0100000] [id=15500]

Threads with active compile tasks:
C2 CompilerThread02879113 20603       4       org.objectweb.asm.ClassReader::readField (671 bytes)
C1 CompilerThread02879115 20602       3       org.objectweb.asm.ClassReader::readUtf (44 bytes)

VM state:at safepoint (normal execution)

VM Mutex/Monitor currently owned by a thread:  ([mutex/lock_event])
[0x0000017dd8a8ab40] Threads_lock - owner thread: 0x0000017df2654000
[0x0000017dd8a89b80] Heap_lock - owner thread: 0x0000017df6783800

Heap address: 0x0000000080000000, size: 2048 MB, Compressed Oops mode: 32-bit
Narrow klass base: 0x0000000000000000, Narrow klass shift: 3
Compressed class space size: 1073741824 Address: 0x0000000100000000

Heap:
 garbage-first heap   total 602112K, used 121276K [0x0000000080000000, 0x0000000100000000)
  region size 1024K, 1 young (1024K), 1 survivors (1024K)
 Metaspace       used 129446K, capacity 132505K, committed 133672K, reserved 1165312K
  class space    used 15852K, capacity 17023K, committed 17408K, reserved 1048576K
Heap Regions: E=young(eden), S=young(survivor), O=old, HS=humongous(starts), HC=humongous(continues), CS=collection set, F=free, A=archive, TAMS=top-at-mark-start (previous, next)
|   0|0x0000000080000000, 0x0000000080100000, 0x0000000080100000|100%|HS|  |TAMS 0x0000000080100000, 0x0000000080100000| Complete 
|   1|0x0000000080100000, 0x0000000080200000, 0x0000000080200000|100%|HC|  |TAMS 0x0000000080200000, 0x0000000080200000| Complete 
|   2|0x0000000080200000, 0x0000000080300000, 0x0000000080300000|100%|HC|  |TAMS 0x0000000080300000, 0x0000000080300000| Complete 
|   3|0x0000000080300000, 0x0000000080400000, 0x0000000080400000|100%| O|  |TAMS 0x0000000080400000, 0x0000000080400000| Untracked 
|   4|0x0000000080400000, 0x0000000080500000, 0x0000000080500000|100%| O|  |TAMS 0x0000000080500000, 0x0000000080500000| Untracked 
|   5|0x0000000080500000, 0x0000000080600000, 0x0000000080600000|100%| O|  |TAMS 0x0000000080600000, 0x0000000080600000| Untracked 
|   6|0x0000000080600000, 0x0000000080700000, 0x0000000080700000|100%| O|  |TAMS 0x0000000080700000, 0x0000000080700000| Untracked 
|   7|0x0000000080700000, 0x0000000080800000, 0x0000000080800000|100%| O|  |TAMS 0x0000000080800000, 0x0000000080800000| Untracked 
|   8|0x0000000080800000, 0x0000000080900000, 0x0000000080900000|100%| O|  |TAMS 0x0000000080900000, 0x0000000080900000| Untracked 
|   9|0x0000000080900000, 0x0000000080a00000, 0x0000000080a00000|100%| O|  |TAMS 0x0000000080a00000, 0x0000000080a00000| Untracked 
|  10|0x0000000080a00000, 0x0000000080b00000, 0x0000000080b00000|100%| O|  |TAMS 0x0000000080b00000, 0x0000000080b00000| Untracked 
|  11|0x0000000080b00000, 0x0000000080c00000, 0x0000000080c00000|100%| O|  |TAMS 0x0000000080c00000, 0x0000000080c00000| Untracked 
|  12|0x0000000080c00000, 0x0000000080d00000, 0x0000000080d00000|100%| O|  |TAMS 0x0000000080d00000, 0x0000000080d00000| Untracked 
|  13|0x0000000080d00000, 0x0000000080e00000, 0x0000000080e00000|100%| O|  |TAMS 0x0000000080e00000, 0x0000000080e00000| Untracked 
|  14|0x0000000080e00000, 0x0000000080f00000, 0x0000000080f00000|100%| O|  |TAMS 0x0000000080f00000, 0x0000000080f00000| Untracked 
|  15|0x0000000080f00000, 0x0000000081000000, 0x0000000081000000|100%| O|  |TAMS 0x0000000081000000, 0x0000000081000000| Untracked 
|  16|0x0000000081000000, 0x0000000081100000, 0x0000000081100000|100%| O|  |TAMS 0x0000000081100000, 0x0000000081100000| Untracked 
|  17|0x0000000081100000, 0x0000000081200000, 0x0000000081200000|100%| O|  |TAMS 0x0000000081200000, 0x0000000081200000| Untracked 
|  18|0x0000000081200000, 0x0000000081300000, 0x0000000081300000|100%| O|  |TAMS 0x0000000081300000, 0x0000000081300000| Untracked 
|  19|0x0000000081300000, 0x0000000081400000, 0x0000000081400000|100%| O|  |TAMS 0x0000000081400000, 0x0000000081400000| Untracked 
|  20|0x0000000081400000, 0x0000000081500000, 0x0000000081500000|100%| O|  |TAMS 0x0000000081500000, 0x0000000081500000| Untracked 
|  21|0x0000000081500000, 0x0000000081600000, 0x0000000081600000|100%| O|  |TAMS 0x0000000081500000, 0x0000000081500000| Untracked 
|  22|0x0000000081600000, 0x0000000081700000, 0x0000000081700000|100%| O|  |TAMS 0x0000000081700000, 0x0000000081700000| Untracked 
|  23|0x0000000081700000, 0x0000000081800000, 0x0000000081800000|100%| O|  |TAMS 0x0000000081800000, 0x0000000081800000| Untracked 
|  24|0x0000000081800000, 0x0000000081900000, 0x0000000081900000|100%| O|  |TAMS 0x0000000081900000, 0x0000000081900000| Untracked 
|  25|0x0000000081900000, 0x0000000081a00000, 0x0000000081a00000|100%| O|  |TAMS 0x0000000081a00000, 0x0000000081a00000| Untracked 
|  26|0x0000000081a00000, 0x0000000081b00000, 0x0000000081b00000|100%| O|  |TAMS 0x0000000081ad5000, 0x0000000081b00000| Untracked 
|  27|0x0000000081b00000, 0x0000000081c00000, 0x0000000081c00000|100%| O|  |TAMS 0x0000000081c00000, 0x0000000081c00000| Untracked 
|  28|0x0000000081c00000, 0x0000000081d00000, 0x0000000081d00000|100%|HS|  |TAMS 0x0000000081d00000, 0x0000000081d00000| Complete 
|  29|0x0000000081d00000, 0x0000000081e00000, 0x0000000081e00000|100%|HS|  |TAMS 0x0000000081e00000, 0x0000000081e00000| Complete 
|  30|0x0000000081e00000, 0x0000000081f00000, 0x0000000081f00000|100%| O|  |TAMS 0x0000000081f00000, 0x0000000081f00000| Untracked 
|  31|0x0000000081f00000, 0x0000000082000000, 0x0000000082000000|100%|HS|  |TAMS 0x0000000082000000, 0x0000000082000000| Complete 
|  32|0x0000000082000000, 0x0000000082100000, 0x0000000082100000|100%|HC|  |TAMS 0x0000000082100000, 0x0000000082100000| Complete 
|  33|0x0000000082100000, 0x0000000082200000, 0x0000000082200000|100%| O|  |TAMS 0x0000000082200000, 0x0000000082200000| Untracked 
|  34|0x0000000082200000, 0x0000000082300000, 0x0000000082300000|100%| O|  |TAMS 0x0000000082300000, 0x0000000082300000| Untracked 
|  35|0x0000000082300000, 0x0000000082400000, 0x0000000082400000|100%| O|  |TAMS 0x0000000082400000, 0x0000000082400000| Untracked 
|  36|0x0000000082400000, 0x0000000082500000, 0x0000000082500000|100%| O|  |TAMS 0x0000000082500000, 0x0000000082500000| Untracked 
|  37|0x0000000082500000, 0x0000000082600000, 0x0000000082600000|100%| O|  |TAMS 0x0000000082600000, 0x0000000082600000| Untracked 
|  38|0x0000000082600000, 0x0000000082700000, 0x0000000082700000|100%| O|  |TAMS 0x0000000082700000, 0x0000000082700000| Untracked 
|  39|0x0000000082700000, 0x0000000082800000, 0x0000000082800000|100%| O|  |TAMS 0x0000000082800000, 0x0000000082800000| Untracked 
|  40|0x0000000082800000, 0x0000000082900000, 0x0000000082900000|100%| O|  |TAMS 0x0000000082900000, 0x0000000082900000| Untracked 
|  41|0x0000000082900000, 0x0000000082a00000, 0x0000000082a00000|100%| O|  |TAMS 0x0000000082a00000, 0x0000000082a00000| Untracked 
|  42|0x0000000082a00000, 0x0000000082b00000, 0x0000000082b00000|100%| O|  |TAMS 0x0000000082a00000, 0x0000000082b00000| Untracked 
|  43|0x0000000082b00000, 0x0000000082c00000, 0x0000000082c00000|100%| O|  |TAMS 0x0000000082c00000, 0x0000000082c00000| Untracked 
|  44|0x0000000082c00000, 0x0000000082d00000, 0x0000000082d00000|100%| O|  |TAMS 0x0000000082d00000, 0x0000000082d00000| Untracked 
|  45|0x0000000082d00000, 0x0000000082e00000, 0x0000000082e00000|100%| O|  |TAMS 0x0000000082d00000, 0x0000000082d00000| Untracked 
|  46|0x0000000082e00000, 0x0000000082f00000, 0x0000000082f00000|100%| O|  |TAMS 0x0000000082f00000, 0x0000000082f00000| Untracked 
|  47|0x0000000082f00000, 0x0000000083000000, 0x0000000083000000|100%| O|  |TAMS 0x0000000083000000, 0x0000000083000000| Untracked 
|  48|0x0000000083000000, 0x0000000083100000, 0x0000000083100000|100%| O|  |TAMS 0x0000000083000000, 0x0000000083100000| Untracked 
|  49|0x0000000083100000, 0x0000000083200000, 0x0000000083200000|100%| O|  |TAMS 0x0000000083100000, 0x0000000083100000| Untracked 
|  50|0x0000000083200000, 0x0000000083300000, 0x0000000083300000|100%| O|  |TAMS 0x0000000083300000, 0x0000000083300000| Untracked 
|  51|0x0000000083300000, 0x0000000083400000, 0x0000000083400000|100%| O|  |TAMS 0x0000000083400000, 0x0000000083400000| Untracked 
|  52|0x0000000083400000, 0x0000000083500000, 0x0000000083500000|100%| O|  |TAMS 0x0000000083400000, 0x0000000083500000| Untracked 
|  53|0x0000000083500000, 0x0000000083600000, 0x0000000083600000|100%| O|  |TAMS 0x0000000083500000, 0x000000008355f000| Untracked 
|  54|0x0000000083600000, 0x0000000083700000, 0x0000000083700000|100%| O|  |TAMS 0x0000000083600000, 0x0000000083700000| Untracked 
|  55|0x0000000083700000, 0x0000000083800000, 0x0000000083800000|100%| O|  |TAMS 0x0000000083700000, 0x0000000083800000| Untracked 
|  56|0x0000000083800000, 0x0000000083900000, 0x0000000083900000|100%| O|  |TAMS 0x0000000083900000, 0x0000000083900000| Untracked 
|  57|0x0000000083900000, 0x0000000083a00000, 0x0000000083a00000|100%| O|  |TAMS 0x0000000083a00000, 0x0000000083a00000| Untracked 
|  58|0x0000000083a00000, 0x0000000083b00000, 0x0000000083b00000|100%| O|  |TAMS 0x0000000083b00000, 0x0000000083b00000| Untracked 
|  59|0x0000000083b00000, 0x0000000083c00000, 0x0000000083c00000|100%| O|  |TAMS 0x0000000083c00000, 0x0000000083c00000| Untracked 
|  60|0x0000000083c00000, 0x0000000083d00000, 0x0000000083d00000|100%| O|  |TAMS 0x0000000083d00000, 0x0000000083d00000| Untracked 
|  61|0x0000000083d00000, 0x0000000083e00000, 0x0000000083e00000|100%| O|  |TAMS 0x0000000083d00000, 0x0000000083e00000| Untracked 
|  62|0x0000000083e00000, 0x0000000083f00000, 0x0000000083f00000|100%| O|  |TAMS 0x0000000083f00000, 0x0000000083f00000| Untracked 
|  63|0x0000000083f00000, 0x0000000084000000, 0x0000000084000000|100%| O|  |TAMS 0x0000000083f00000, 0x0000000084000000| Untracked 
|  64|0x0000000084000000, 0x0000000084100000, 0x0000000084100000|100%| O|  |TAMS 0x0000000084000000, 0x0000000084100000| Untracked 
|  65|0x0000000084100000, 0x0000000084200000, 0x0000000084200000|100%| O|  |TAMS 0x0000000084100000, 0x0000000084200000| Untracked 
|  66|0x0000000084200000, 0x0000000084300000, 0x0000000084300000|100%| O|  |TAMS 0x0000000084300000, 0x0000000084300000| Untracked 
|  67|0x0000000084300000, 0x0000000084400000, 0x0000000084400000|100%| O|  |TAMS 0x0000000084400000, 0x0000000084400000| Untracked 
|  68|0x0000000084400000, 0x0000000084500000, 0x0000000084500000|100%| O|  |TAMS 0x0000000084500000, 0x0000000084500000| Untracked 
|  69|0x0000000084500000, 0x0000000084600000, 0x0000000084600000|100%| O|  |TAMS 0x0000000084500000, 0x0000000084600000| Untracked 
|  70|0x0000000084600000, 0x0000000084700000, 0x0000000084700000|100%| O|  |TAMS 0x0000000084600000, 0x0000000084700000| Untracked 
|  71|0x0000000084700000, 0x0000000084800000, 0x0000000084800000|100%| O|  |TAMS 0x0000000084700000, 0x0000000084700000| Untracked 
|  72|0x0000000084800000, 0x0000000084900000, 0x0000000084900000|100%| O|  |TAMS 0x0000000084900000, 0x0000000084900000| Untracked 
|  73|0x0000000084900000, 0x0000000084a00000, 0x0000000084a00000|100%| O|  |TAMS 0x0000000084a00000, 0x0000000084a00000| Untracked 
|  74|0x0000000084a00000, 0x0000000084b00000, 0x0000000084b00000|100%| O|  |TAMS 0x0000000084a00000, 0x0000000084b00000| Untracked 
|  75|0x0000000084b00000, 0x0000000084c00000, 0x0000000084c00000|100%| O|  |TAMS 0x0000000084b00000, 0x0000000084c00000| Untracked 
|  76|0x0000000084c00000, 0x0000000084d00000, 0x0000000084d00000|100%| O|  |TAMS 0x0000000084c00000, 0x0000000084d00000| Untracked 
|  77|0x0000000084d00000, 0x0000000084e00000, 0x0000000084e00000|100%| O|  |TAMS 0x0000000084e00000, 0x0000000084e00000| Untracked 
|  78|0x0000000084e00000, 0x0000000084f00000, 0x0000000084f00000|100%| O|  |TAMS 0x0000000084f00000, 0x0000000084f00000| Untracked 
|  79|0x0000000084f00000, 0x0000000085000000, 0x0000000085000000|100%| O|  |TAMS 0x0000000085000000, 0x0000000085000000| Untracked 
|  80|0x0000000085000000, 0x0000000085100000, 0x0000000085100000|100%| O|  |TAMS 0x0000000085000000, 0x0000000085000000| Untracked 
|  81|0x0000000085100000, 0x0000000085200000, 0x0000000085200000|100%| O|  |TAMS 0x0000000085200000, 0x0000000085200000| Untracked 
|  82|0x0000000085200000, 0x0000000085300000, 0x0000000085300000|100%| O|  |TAMS 0x0000000085200000, 0x0000000085300000| Untracked 
|  83|0x0000000085300000, 0x0000000085400000, 0x0000000085400000|100%| O|  |TAMS 0x0000000085400000, 0x0000000085400000| Untracked 
|  84|0x0000000085400000, 0x0000000085500000, 0x0000000085500000|100%| O|  |TAMS 0x0000000085500000, 0x0000000085500000| Untracked 
|  85|0x0000000085500000, 0x0000000085600000, 0x0000000085600000|100%| O|  |TAMS 0x0000000085500000, 0x0000000085600000| Untracked 
|  86|0x0000000085600000, 0x0000000085700000, 0x0000000085700000|100%| O|  |TAMS 0x0000000085700000, 0x0000000085700000| Untracked 
|  87|0x0000000085700000, 0x0000000085800000, 0x0000000085800000|100%| O|  |TAMS 0x0000000085700000, 0x0000000085800000| Untracked 
|  88|0x0000000085800000, 0x0000000085900000, 0x0000000085900000|100%| O|  |TAMS 0x0000000085800000, 0x0000000085900000| Untracked 
|  89|0x0000000085900000, 0x0000000085a00000, 0x0000000085a00000|100%| O|  |TAMS 0x0000000085a00000, 0x0000000085a00000| Untracked 
|  90|0x0000000085a00000, 0x0000000085b00000, 0x0000000085b00000|100%| O|  |TAMS 0x0000000085b00000, 0x0000000085b00000| Untracked 
|  91|0x0000000085b00000, 0x0000000085c00000, 0x0000000085c00000|100%| O|  |TAMS 0x0000000085c00000, 0x0000000085c00000| Untracked 
|  92|0x0000000085c00000, 0x0000000085d00000, 0x0000000085d00000|100%| O|  |TAMS 0x0000000085d00000, 0x0000000085d00000| Untracked 
|  93|0x0000000085d00000, 0x0000000085e00000, 0x0000000085e00000|100%| O|  |TAMS 0x0000000085e00000, 0x0000000085e00000| Untracked 
|  94|0x0000000085e00000, 0x0000000085f00000, 0x0000000085f00000|100%| O|  |TAMS 0x0000000085f00000, 0x0000000085f00000| Untracked 
|  95|0x0000000085f00000, 0x0000000086000000, 0x0000000086000000|100%| O|  |TAMS 0x0000000086000000, 0x0000000086000000| Untracked 
|  96|0x0000000086000000, 0x0000000086100000, 0x0000000086100000|100%| O|  |TAMS 0x0000000086100000, 0x0000000086100000| Untracked 
|  97|0x0000000086100000, 0x0000000086200000, 0x0000000086200000|100%| O|  |TAMS 0x0000000086200000, 0x0000000086200000| Untracked 
|  98|0x0000000086200000, 0x0000000086300000, 0x0000000086300000|100%| O|  |TAMS 0x0000000086300000, 0x0000000086300000| Untracked 
|  99|0x0000000086300000, 0x0000000086400000, 0x0000000086400000|100%| O|  |TAMS 0x0000000086400000, 0x0000000086400000| Untracked 
| 100|0x0000000086400000, 0x0000000086500000, 0x0000000086500000|100%| O|  |TAMS 0x0000000086400000, 0x0000000086400000| Untracked 
| 101|0x0000000086500000, 0x0000000086600000, 0x0000000086600000|100%| O|  |TAMS 0x0000000086600000, 0x0000000086600000| Untracked 
| 102|0x0000000086600000, 0x0000000086700000, 0x0000000086700000|100%| O|  |TAMS 0x0000000086700000, 0x0000000086700000| Untracked 
| 103|0x0000000086700000, 0x0000000086800000, 0x0000000086800000|100%| O|  |TAMS 0x0000000086800000, 0x0000000086800000| Untracked 
| 104|0x0000000086800000, 0x0000000086900000, 0x0000000086900000|100%| O|  |TAMS 0x0000000086900000, 0x0000000086900000| Untracked 
| 105|0x0000000086900000, 0x0000000086a00000, 0x0000000086a00000|100%| O|  |TAMS 0x0000000086a00000, 0x0000000086a00000| Untracked 
| 106|0x0000000086a00000, 0x0000000086b00000, 0x0000000086b00000|100%| O|  |TAMS 0x0000000086a00000, 0x0000000086a00000| Untracked 
| 107|0x0000000086b00000, 0x0000000086c00000, 0x0000000086c00000|100%| O|  |TAMS 0x0000000086c00000, 0x0000000086c00000| Untracked 
| 108|0x0000000086c00000, 0x0000000086c00000, 0x0000000086d00000|  0%| F|  |TAMS 0x0000000086c00000, 0x0000000086c00000| Untracked 
| 109|0x0000000086d00000, 0x0000000086e00000, 0x0000000086e00000|100%| O|  |TAMS 0x0000000086e00000, 0x0000000086e00000| Untracked 
| 110|0x0000000086e00000, 0x0000000086f00000, 0x0000000086f00000|100%| O|  |TAMS 0x0000000086f00000, 0x0000000086f00000| Untracked 
| 111|0x0000000086f00000, 0x0000000087000000, 0x0000000087000000|100%| O|  |TAMS 0x0000000087000000, 0x0000000087000000| Untracked 
| 112|0x0000000087000000, 0x0000000087100000, 0x0000000087100000|100%| O|  |TAMS 0x0000000087100000, 0x0000000087100000| Untracked 
| 113|0x0000000087100000, 0x0000000087200000, 0x0000000087200000|100%| O|  |TAMS 0x0000000087200000, 0x0000000087200000| Untracked 
| 114|0x0000000087200000, 0x0000000087300000, 0x0000000087300000|100%| O|  |TAMS 0x0000000087300000, 0x0000000087300000| Untracked 
| 115|0x0000000087300000, 0x0000000087400000, 0x0000000087400000|100%| O|  |TAMS 0x0000000087400000, 0x0000000087400000| Untracked 
| 116|0x0000000087400000, 0x0000000087500000, 0x0000000087500000|100%| O|  |TAMS 0x0000000087500000, 0x0000000087500000| Untracked 
| 117|0x0000000087500000, 0x0000000087600000, 0x0000000087600000|100%| O|  |TAMS 0x0000000087600000, 0x0000000087600000| Untracked 
| 118|0x0000000087600000, 0x0000000087700000, 0x0000000087700000|100%| O|  |TAMS 0x0000000087700000, 0x0000000087700000| Untracked 
| 119|0x0000000087700000, 0x0000000087700000, 0x0000000087800000|  0%| F|  |TAMS 0x0000000087700000, 0x0000000087700000| Untracked 
| 120|0x0000000087800000, 0x0000000087800000, 0x0000000087900000|  0%| F|  |TAMS 0x0000000087800000, 0x0000000087800000| Untracked 
| 121|0x0000000087900000, 0x0000000087900000, 0x0000000087a00000|  0%| F|  |TAMS 0x0000000087900000, 0x0000000087900000| Untracked 
| 122|0x0000000087a00000, 0x0000000087a00000, 0x0000000087b00000|  0%| F|  |TAMS 0x0000000087a00000, 0x0000000087a00000| Untracked 
| 123|0x0000000087b00000, 0x0000000087b00000, 0x0000000087c00000|  0%| F|  |TAMS 0x0000000087b00000, 0x0000000087b00000| Untracked 
| 124|0x0000000087c00000, 0x0000000087c00000, 0x0000000087d00000|  0%| F|  |TAMS 0x0000000087c00000, 0x0000000087c00000| Untracked 
| 125|0x0000000087d00000, 0x0000000087d00000, 0x0000000087e00000|  0%| F|  |TAMS 0x0000000087d00000, 0x0000000087d00000| Untracked 
| 126|0x0000000087e00000, 0x0000000087e00000, 0x0000000087f00000|  0%| F|  |TAMS 0x0000000087e00000, 0x0000000087e00000| Untracked 
| 127|0x0000000087f00000, 0x0000000087f00000, 0x0000000088000000|  0%| F|  |TAMS 0x0000000087f00000, 0x0000000087f00000| Untracked 
| 128|0x0000000088000000, 0x0000000088000000, 0x0000000088100000|  0%| F|  |TAMS 0x0000000088000000, 0x0000000088000000| Untracked 
| 129|0x0000000088100000, 0x0000000088100000, 0x0000000088200000|  0%| F|  |TAMS 0x0000000088100000, 0x0000000088100000| Untracked 
| 130|0x0000000088200000, 0x0000000088200000, 0x0000000088300000|  0%| F|  |TAMS 0x0000000088200000, 0x0000000088200000| Untracked 
| 131|0x0000000088300000, 0x0000000088300000, 0x0000000088400000|  0%| F|  |TAMS 0x0000000088300000, 0x0000000088300000| Untracked 
| 132|0x0000000088400000, 0x0000000088400000, 0x0000000088500000|  0%| F|  |TAMS 0x0000000088400000, 0x0000000088400000| Untracked 
| 133|0x0000000088500000, 0x0000000088500000, 0x0000000088600000|  0%| F|  |TAMS 0x0000000088500000, 0x0000000088500000| Untracked 
| 134|0x0000000088600000, 0x0000000088600000, 0x0000000088700000|  0%| F|  |TAMS 0x0000000088600000, 0x0000000088600000| Untracked 
| 135|0x0000000088700000, 0x0000000088700000, 0x0000000088800000|  0%| F|  |TAMS 0x0000000088700000, 0x0000000088700000| Untracked 
| 136|0x0000000088800000, 0x0000000088800000, 0x0000000088900000|  0%| F|  |TAMS 0x0000000088800000, 0x0000000088800000| Untracked 
| 137|0x0000000088900000, 0x0000000088900000, 0x0000000088a00000|  0%| F|  |TAMS 0x0000000088900000, 0x0000000088900000| Untracked 
| 138|0x0000000088a00000, 0x0000000088a00000, 0x0000000088b00000|  0%| F|  |TAMS 0x0000000088a00000, 0x0000000088a00000| Untracked 
| 139|0x0000000088b00000, 0x0000000088b00000, 0x0000000088c00000|  0%| F|  |TAMS 0x0000000088b00000, 0x0000000088b00000| Untracked 
| 140|0x0000000088c00000, 0x0000000088c00000, 0x0000000088d00000|  0%| F|  |TAMS 0x0000000088c00000, 0x0000000088c00000| Untracked 
| 141|0x0000000088d00000, 0x0000000088d00000, 0x0000000088e00000|  0%| F|  |TAMS 0x0000000088d00000, 0x0000000088d00000| Untracked 
| 142|0x0000000088e00000, 0x0000000088e00000, 0x0000000088f00000|  0%| F|  |TAMS 0x0000000088e00000, 0x0000000088e00000| Untracked 
| 143|0x0000000088f00000, 0x0000000088f00000, 0x0000000089000000|  0%| F|  |TAMS 0x0000000088f00000, 0x0000000088f00000| Untracked 
| 144|0x0000000089000000, 0x0000000089000000, 0x0000000089100000|  0%| F|  |TAMS 0x0000000089000000, 0x0000000089000000| Untracked 
| 145|0x0000000089100000, 0x0000000089100000, 0x0000000089200000|  0%| F|  |TAMS 0x0000000089100000, 0x0000000089100000| Untracked 
| 146|0x0000000089200000, 0x0000000089200000, 0x0000000089300000|  0%| F|  |TAMS 0x0000000089200000, 0x0000000089200000| Untracked 
| 147|0x0000000089300000, 0x0000000089300000, 0x0000000089400000|  0%| F|  |TAMS 0x0000000089300000, 0x0000000089300000| Untracked 
| 148|0x0000000089400000, 0x0000000089400000, 0x0000000089500000|  0%| F|  |TAMS 0x0000000089400000, 0x0000000089400000| Untracked 
| 149|0x0000000089500000, 0x0000000089500000, 0x0000000089600000|  0%| F|  |TAMS 0x0000000089500000, 0x0000000089500000| Untracked 
| 150|0x0000000089600000, 0x0000000089600000, 0x0000000089700000|  0%| F|  |TAMS 0x0000000089600000, 0x0000000089600000| Untracked 
| 151|0x0000000089700000, 0x0000000089700000, 0x0000000089800000|  0%| F|  |TAMS 0x0000000089700000, 0x0000000089700000| Untracked 
| 152|0x0000000089800000, 0x0000000089800000, 0x0000000089900000|  0%| F|  |TAMS 0x0000000089800000, 0x0000000089800000| Untracked 
| 153|0x0000000089900000, 0x0000000089900000, 0x0000000089a00000|  0%| F|  |TAMS 0x0000000089900000, 0x0000000089900000| Untracked 
| 154|0x0000000089a00000, 0x0000000089a00000, 0x0000000089b00000|  0%| F|  |TAMS 0x0000000089a00000, 0x0000000089a00000| Untracked 
| 155|0x0000000089b00000, 0x0000000089b00000, 0x0000000089c00000|  0%| F|  |TAMS 0x0000000089b00000, 0x0000000089b00000| Untracked 
| 156|0x0000000089c00000, 0x0000000089c00000, 0x0000000089d00000|  0%| F|  |TAMS 0x0000000089c00000, 0x0000000089c00000| Untracked 
| 157|0x0000000089d00000, 0x0000000089d00000, 0x0000000089e00000|  0%| F|  |TAMS 0x0000000089d00000, 0x0000000089d00000| Untracked 
| 158|0x0000000089e00000, 0x0000000089e00000, 0x0000000089f00000|  0%| F|  |TAMS 0x0000000089e00000, 0x0000000089e00000| Untracked 
| 159|0x0000000089f00000, 0x0000000089f00000, 0x000000008a000000|  0%| F|  |TAMS 0x0000000089f00000, 0x0000000089f00000| Untracked 
| 160|0x000000008a000000, 0x000000008a000000, 0x000000008a100000|  0%| F|  |TAMS 0x000000008a000000, 0x000000008a000000| Untracked 
| 161|0x000000008a100000, 0x000000008a100000, 0x000000008a200000|  0%| F|  |TAMS 0x000000008a100000, 0x000000008a100000| Untracked 
| 162|0x000000008a200000, 0x000000008a200000, 0x000000008a300000|  0%| F|  |TAMS 0x000000008a200000, 0x000000008a200000| Untracked 
| 163|0x000000008a300000, 0x000000008a300000, 0x000000008a400000|  0%| F|  |TAMS 0x000000008a300000, 0x000000008a300000| Untracked 
| 164|0x000000008a400000, 0x000000008a400000, 0x000000008a500000|  0%| F|  |TAMS 0x000000008a400000, 0x000000008a400000| Untracked 
| 165|0x000000008a500000, 0x000000008a500000, 0x000000008a600000|  0%| F|  |TAMS 0x000000008a500000, 0x000000008a500000| Untracked 
| 166|0x000000008a600000, 0x000000008a600000, 0x000000008a700000|  0%| F|  |TAMS 0x000000008a600000, 0x000000008a600000| Untracked 
| 167|0x000000008a700000, 0x000000008a700000, 0x000000008a800000|  0%| F|  |TAMS 0x000000008a700000, 0x000000008a700000| Untracked 
| 168|0x000000008a800000, 0x000000008a800000, 0x000000008a900000|  0%| F|  |TAMS 0x000000008a800000, 0x000000008a800000| Untracked 
| 169|0x000000008a900000, 0x000000008a900000, 0x000000008aa00000|  0%| F|  |TAMS 0x000000008a900000, 0x000000008a900000| Untracked 
| 170|0x000000008aa00000, 0x000000008aa00000, 0x000000008ab00000|  0%| F|  |TAMS 0x000000008aa00000, 0x000000008aa00000| Untracked 
| 171|0x000000008ab00000, 0x000000008ab00000, 0x000000008ac00000|  0%| F|  |TAMS 0x000000008ab00000, 0x000000008ab00000| Untracked 
| 172|0x000000008ac00000, 0x000000008ac00000, 0x000000008ad00000|  0%| F|  |TAMS 0x000000008ac00000, 0x000000008ac00000| Untracked 
| 173|0x000000008ad00000, 0x000000008ad00000, 0x000000008ae00000|  0%| F|  |TAMS 0x000000008ad00000, 0x000000008ad00000| Untracked 
| 174|0x000000008ae00000, 0x000000008ae00000, 0x000000008af00000|  0%| F|  |TAMS 0x000000008ae00000, 0x000000008ae00000| Untracked 
| 175|0x000000008af00000, 0x000000008af00000, 0x000000008b000000|  0%| F|  |TAMS 0x000000008af00000, 0x000000008af00000| Untracked 
| 176|0x000000008b000000, 0x000000008b000000, 0x000000008b100000|  0%| F|  |TAMS 0x000000008b000000, 0x000000008b000000| Untracked 
| 177|0x000000008b100000, 0x000000008b100000, 0x000000008b200000|  0%| F|  |TAMS 0x000000008b100000, 0x000000008b100000| Untracked 
| 178|0x000000008b200000, 0x000000008b200000, 0x000000008b300000|  0%| F|  |TAMS 0x000000008b200000, 0x000000008b200000| Untracked 
| 179|0x000000008b300000, 0x000000008b300000, 0x000000008b400000|  0%| F|  |TAMS 0x000000008b300000, 0x000000008b300000| Untracked 
| 180|0x000000008b400000, 0x000000008b400000, 0x000000008b500000|  0%| F|  |TAMS 0x000000008b400000, 0x000000008b400000| Untracked 
| 181|0x000000008b500000, 0x000000008b500000, 0x000000008b600000|  0%| F|  |TAMS 0x000000008b500000, 0x000000008b500000| Untracked 
| 182|0x000000008b600000, 0x000000008b600000, 0x000000008b700000|  0%| F|  |TAMS 0x000000008b600000, 0x000000008b600000| Untracked 
| 183|0x000000008b700000, 0x000000008b700000, 0x000000008b800000|  0%| F|  |TAMS 0x000000008b700000, 0x000000008b700000| Untracked 
| 184|0x000000008b800000, 0x000000008b800000, 0x000000008b900000|  0%| F|  |TAMS 0x000000008b800000, 0x000000008b800000| Untracked 
| 185|0x000000008b900000, 0x000000008b900000, 0x000000008ba00000|  0%| F|  |TAMS 0x000000008b900000, 0x000000008b900000| Untracked 
| 186|0x000000008ba00000, 0x000000008ba00000, 0x000000008bb00000|  0%| F|  |TAMS 0x000000008ba00000, 0x000000008ba00000| Untracked 
| 187|0x000000008bb00000, 0x000000008bb00000, 0x000000008bc00000|  0%| F|  |TAMS 0x000000008bb00000, 0x000000008bb00000| Untracked 
| 188|0x000000008bc00000, 0x000000008bc00000, 0x000000008bd00000|  0%| F|  |TAMS 0x000000008bc00000, 0x000000008bc00000| Untracked 
| 189|0x000000008bd00000, 0x000000008bd00000, 0x000000008be00000|  0%| F|  |TAMS 0x000000008bd00000, 0x000000008bd00000| Untracked 
| 190|0x000000008be00000, 0x000000008be6f258, 0x000000008bf00000| 43%| S|CS|TAMS 0x000000008be00000, 0x000000008be00000| Complete 
| 191|0x000000008bf00000, 0x000000008bf00000, 0x000000008c000000|  0%| F|  |TAMS 0x000000008bf00000, 0x000000008bf00000| Untracked 
| 192|0x000000008c000000, 0x000000008c000000, 0x000000008c100000|  0%| F|  |TAMS 0x000000008c000000, 0x000000008c000000| Untracked 
| 193|0x000000008c100000, 0x000000008c100000, 0x000000008c200000|  0%| F|  |TAMS 0x000000008c100000, 0x000000008c100000| Untracked 
| 194|0x000000008c200000, 0x000000008c200000, 0x000000008c300000|  0%| F|  |TAMS 0x000000008c200000, 0x000000008c200000| Untracked 
| 195|0x000000008c300000, 0x000000008c300000, 0x000000008c400000|  0%| F|  |TAMS 0x000000008c300000, 0x000000008c300000| Untracked 
| 196|0x000000008c400000, 0x000000008c400000, 0x000000008c500000|  0%| F|  |TAMS 0x000000008c400000, 0x000000008c400000| Untracked 
| 197|0x000000008c500000, 0x000000008c500000, 0x000000008c600000|  0%| F|  |TAMS 0x000000008c500000, 0x000000008c500000| Untracked 
| 198|0x000000008c600000, 0x000000008c600000, 0x000000008c700000|  0%| F|  |TAMS 0x000000008c600000, 0x000000008c600000| Untracked 
| 199|0x000000008c700000, 0x000000008c700000, 0x000000008c800000|  0%| F|  |TAMS 0x000000008c700000, 0x000000008c700000| Untracked 
| 200|0x000000008c800000, 0x000000008c800000, 0x000000008c900000|  0%| F|  |TAMS 0x000000008c800000, 0x000000008c800000| Untracked 

Card table byte_map: [0x0000017deb9b0000,0x0000017debdb0000] _byte_map_base: 0x0000017deb5b0000

Marking Bits (Prev, Next): (CMBitMap*) 0x0000017dd8ace8b0, (CMBitMap*) 0x0000017dd8ace878
 Prev Bits: [0x0000017dee1b0000, 0x0000017df01b0000)
 Next Bits: [0x0000017dec1b0000, 0x0000017dee1b0000)

Polling page: 0x0000017dd69f0000

Metaspace:

Usage:
  Non-class:    112.78 MB capacity,   110.93 MB ( 98%) used,     1.46 MB (  1%) free+waste,   394.94 KB ( <1%) overhead. 
      Class:     16.62 MB capacity,    15.48 MB ( 93%) used,   999.54 KB (  6%) free+waste,   170.94 KB (  1%) overhead. 
       Both:    129.40 MB capacity,   126.41 MB ( 98%) used,     2.43 MB (  2%) free+waste,   565.88 KB ( <1%) overhead. 

Virtual space:
  Non-class space:      114.00 MB reserved,     113.54 MB (>99%) committed 
      Class space:        1.00 GB reserved,      17.00 MB (  2%) committed 
             Both:        1.11 GB reserved,     130.54 MB ( 11%) committed 

Chunk freelists:
   Non-Class:  782.00 KB
       Class:  353.00 KB
        Both:  1.11 MB

MaxMetaspaceSize: 17179869184.00 GB
CompressedClassSpaceSize: 1.00 GB
Initial GC threshold: 20.80 MB
Current GC threshold: 210.90 MB
CDS: off

CodeHeap 'non-profiled nmethods': size=120064Kb used=9954Kb max_used=9954Kb free=110109Kb
 bounds [0x0000017de4070000, 0x0000017de4a30000, 0x0000017deb5b0000]
CodeHeap 'profiled nmethods': size=120000Kb used=42400Kb max_used=42400Kb free=77599Kb
 bounds [0x0000017ddcb40000, 0x0000017ddf4b0000, 0x0000017de4070000]
CodeHeap 'non-nmethods': size=5696Kb used=2450Kb max_used=2487Kb free=3245Kb
 bounds [0x0000017ddc5b0000, 0x0000017ddc830000, 0x0000017ddcb40000]
 total_blobs=21017 nmethods=20030 adapters=897
 compilation: enabled
              stopped_count=0, restarted_count=0
 full_count=0

Compilation events (20 events):
Event: 2878.336 Thread 0x0000017df26cb800 nmethod 20605 0x0000017ddf49b910 code [0x0000017ddf49bba0, 0x0000017ddf49c6c8]
Event: 2878.337 Thread 0x0000017df26cb800 20606       3       com.google.common.collect.SortedIterables::hasSameComparator (58 bytes)
Event: 2878.353 Thread 0x0000017df26cb800 nmethod 20606 0x0000017ddf49ca10 code [0x0000017ddf49cc80, 0x0000017ddf49d808]
Event: 2878.353 Thread 0x0000017df26cb800 20609       3       org.objectweb.asm.SymbolTable::addConstant (330 bytes)
Event: 2878.374 Thread 0x0000017df26c9800 nmethod 20601 0x0000017de4a27a90 code [0x0000017de4a27c80, 0x0000017de4a28518]
Event: 2878.375 Thread 0x0000017df26c9800 20603       4       org.objectweb.asm.ClassReader::readField (671 bytes)
Event: 2878.385 Thread 0x0000017df26cb800 nmethod 20609 0x0000017ddf49da90 code [0x0000017ddf49e020, 0x0000017ddf4a1308]
Event: 2878.385 Thread 0x0000017df26cb800 20611       3       org.objectweb.asm.FieldWriter::computeFieldInfoSize (86 bytes)
Event: 2878.394 Thread 0x0000017df26cb800 nmethod 20611 0x0000017ddf4a1e10 code [0x0000017ddf4a2000, 0x0000017ddf4a2358]
Event: 2878.394 Thread 0x0000017df26cb800 20612       3       org.objectweb.asm.FieldWriter::putFieldInfo (269 bytes)
Event: 2878.404 Thread 0x0000017df26cb800 nmethod 20612 0x0000017ddf4a2510 code [0x0000017ddf4a27c0, 0x0000017ddf4a31c8]
Event: 2878.404 Thread 0x0000017df26cb800 20614       3       com.google.common.collect.ImmutableSortedSet::copyOf (49 bytes)
Event: 2878.430 Thread 0x0000017df26cb800 nmethod 20614 0x0000017ddf4a3590 code [0x0000017ddf4a3840, 0x0000017ddf4a4648]
Event: 2878.431 Thread 0x0000017df26cb800 20610       3       com.google.common.collect.ImmutableSortedSet::construct (94 bytes)
Event: 2878.474 Thread 0x0000017df26cb800 nmethod 20610 0x0000017ddf4a4a10 code [0x0000017ddf4a4d20, 0x0000017ddf4a61a8]
Event: 2878.474 Thread 0x0000017df26cb800 20616       3       org.objectweb.asm.ClassVisitor::visitField (24 bytes)
Event: 2878.480 Thread 0x0000017df26cb800 nmethod 20616 0x0000017ddf4a6910 code [0x0000017ddf4a6ae0, 0x0000017ddf4a6ce8]
Event: 2878.480 Thread 0x0000017df26cb800 20615       3       org.gradle.internal.normalization.java.impl.ApiMemberWriter::writeFieldAnnotations (55 bytes)
Event: 2878.486 Thread 0x0000017df26cb800 nmethod 20615 0x0000017ddf4a6e10 code [0x0000017ddf4a7040, 0x0000017ddf4a77a8]
Event: 2878.486 Thread 0x0000017df26cb800 20602       3       org.objectweb.asm.ClassReader::readUtf (44 bytes)

GC Heap History (20 events):
Event: 2849.242 GC heap after
{Heap after GC invocations=48 (full 0):
 garbage-first heap   total 205824K, used 108157K [0x0000000080000000, 0x0000000100000000)
  region size 1024K, 2 young (2048K), 2 survivors (2048K)
 Metaspace       used 124434K, capacity 127425K, committed 129064K, reserved 1161216K
  class space    used 15451K, capacity 16613K, committed 17152K, reserved 1048576K
}
Event: 2849.301 GC heap before
{Heap before GC invocations=48 (full 0):
 garbage-first heap   total 205824K, used 116349K [0x0000000080000000, 0x0000000100000000)
  region size 1024K, 10 young (10240K), 2 survivors (2048K)
 Metaspace       used 124439K, capacity 127425K, committed 129064K, reserved 1161216K
  class space    used 15451K, capacity 16613K, committed 17152K, reserved 1048576K
}
Event: 2849.326 GC heap after
{Heap after GC invocations=49 (full 0):
 garbage-first heap   total 205824K, used 107738K [0x0000000080000000, 0x0000000100000000)
  region size 1024K, 2 young (2048K), 2 survivors (2048K)
 Metaspace       used 124439K, capacity 127425K, committed 129064K, reserved 1161216K
  class space    used 15451K, capacity 16613K, committed 17152K, reserved 1048576K
}
Event: 2849.763 GC heap before
{Heap before GC invocations=49 (full 0):
 garbage-first heap   total 205824K, used 130266K [0x0000000080000000, 0x0000000100000000)
  region size 1024K, 25 young (25600K), 2 survivors (2048K)
 Metaspace       used 124491K, capacity 127493K, committed 129064K, reserved 1161216K
  class space    used 15453K, capacity 16614K, committed 17152K, reserved 1048576K
}
Event: 2849.780 GC heap after
{Heap after GC invocations=50 (full 0):
 garbage-first heap   total 205824K, used 114516K [0x0000000080000000, 0x0000000100000000)
  region size 1024K, 7 young (7168K), 7 survivors (7168K)
 Metaspace       used 124491K, capacity 127493K, committed 129064K, reserved 1161216K
  class space    used 15453K, capacity 16614K, committed 17152K, reserved 1048576K
}
Event: 2851.436 GC heap before
{Heap before GC invocations=51 (full 0):
 garbage-first heap   total 205824K, used 168788K [0x0000000080000000, 0x0000000100000000)
  region size 1024K, 48 young (49152K), 7 survivors (7168K)
 Metaspace       used 127118K, capacity 130183K, committed 131496K, reserved 1163264K
  class space    used 15677K, capacity 16843K, committed 17280K, reserved 1048576K
}
Event: 2851.469 GC heap after
{Heap after GC invocations=52 (full 0):
 garbage-first heap   total 205824K, used 117276K [0x0000000080000000, 0x0000000100000000)
  region size 1024K, 5 young (5120K), 5 survivors (5120K)
 Metaspace       used 127118K, capacity 130183K, committed 131496K, reserved 1163264K
  class space    used 15677K, capacity 16843K, committed 17280K, reserved 1048576K
}
Event: 2851.579 GC heap before
{Heap before GC invocations=52 (full 0):
 garbage-first heap   total 205824K, used 122396K [0x0000000080000000, 0x0000000100000000)
  region size 1024K, 10 young (10240K), 5 survivors (5120K)
 Metaspace       used 127148K, capacity 130183K, committed 131496K, reserved 1163264K
  class space    used 15678K, capacity 16843K, committed 17280K, reserved 1048576K
}
Event: 2851.604 GC heap after
{Heap after GC invocations=53 (full 0):
 garbage-first heap   total 205824K, used 115421K [0x0000000080000000, 0x0000000100000000)
  region size 1024K, 2 young (2048K), 2 survivors (2048K)
 Metaspace       used 127148K, capacity 130183K, committed 131496K, reserved 1163264K
  class space    used 15678K, capacity 16843K, committed 17280K, reserved 1048576K
}
Event: 2851.723 GC heap before
{Heap before GC invocations=53 (full 0):
 garbage-first heap   total 205824K, used 123613K [0x0000000080000000, 0x0000000100000000)
  region size 1024K, 10 young (10240K), 2 survivors (2048K)
 Metaspace       used 127503K, capacity 130535K, committed 132008K, reserved 1165312K
  class space    used 15710K, capacity 16875K, committed 17280K, reserved 1048576K
}
Event: 2851.737 GC heap after
{Heap after GC invocations=54 (full 0):
 garbage-first heap   total 205824K, used 115068K [0x0000000080000000, 0x0000000100000000)
  region size 1024K, 2 young (2048K), 2 survivors (2048K)
 Metaspace       used 127503K, capacity 130535K, committed 132008K, reserved 1165312K
  class space    used 15710K, capacity 16875K, committed 17280K, reserved 1048576K
}
Event: 2863.772 GC heap before
{Heap before GC invocations=54 (full 0):
 garbage-first heap   total 205824K, used 157052K [0x0000000080000000, 0x0000000100000000)
  region size 1024K, 44 young (45056K), 2 survivors (2048K)
 Metaspace       used 129404K, capacity 132423K, committed 133672K, reserved 1165312K
  class space    used 15850K, capacity 17020K, committed 17408K, reserved 1048576K
}
Event: 2865.606 GC heap after
{Heap after GC invocations=55 (full 0):
 garbage-first heap   total 205824K, used 118696K [0x0000000080000000, 0x0000000100000000)
  region size 1024K, 6 young (6144K), 6 survivors (6144K)
 Metaspace       used 129404K, capacity 132423K, committed 133672K, reserved 1165312K
  class space    used 15850K, capacity 17020K, committed 17408K, reserved 1048576K
}
Event: 2870.135 GC heap before
{Heap before GC invocations=55 (full 0):
 garbage-first heap   total 205824K, used 122792K [0x0000000080000000, 0x0000000100000000)
  region size 1024K, 10 young (10240K), 6 survivors (6144K)
 Metaspace       used 129414K, capacity 132423K, committed 133672K, reserved 1165312K
  class space    used 15850K, capacity 17020K, committed 17408K, reserved 1048576K
}
Event: 2870.545 GC heap after
{Heap after GC invocations=56 (full 0):
 garbage-first heap   total 205824K, used 120381K [0x0000000080000000, 0x0000000100000000)
  region size 1024K, 2 young (2048K), 2 survivors (2048K)
 Metaspace       used 129414K, capacity 132423K, committed 133672K, reserved 1165312K
  class space    used 15850K, capacity 17020K, committed 17408K, reserved 1048576K
}
Event: 2872.134 GC heap before
{Heap before GC invocations=56 (full 0):
 garbage-first heap   total 205824K, used 127549K [0x0000000080000000, 0x0000000100000000)
  region size 1024K, 10 young (10240K), 2 survivors (2048K)
 Metaspace       used 129418K, capacity 132487K, committed 133672K, reserved 1165312K
  class space    used 15850K, capacity 17020K, committed 17408K, reserved 1048576K
}
Event: 2872.255 GC heap after
{Heap after GC invocations=57 (full 0):
 garbage-first heap   total 205824K, used 121103K [0x0000000080000000, 0x0000000100000000)
  region size 1024K, 2 young (2048K), 2 survivors (2048K)
 Metaspace       used 129418K, capacity 132487K, committed 133672K, reserved 1165312K
  class space    used 15850K, capacity 17020K, committed 17408K, reserved 1048576K
}
Event: 2872.985 GC heap before
{Heap before GC invocations=57 (full 0):
 garbage-first heap   total 205824K, used 128271K [0x0000000080000000, 0x0000000100000000)
  region size 1024K, 10 young (10240K), 2 survivors (2048K)
 Metaspace       used 129423K, capacity 132487K, committed 133672K, reserved 1165312K
  class space    used 15850K, capacity 17020K, committed 17408K, reserved 1048576K
}
Event: 2873.180 GC heap after
{Heap after GC invocations=58 (full 0):
 garbage-first heap   total 205824K, used 121109K [0x0000000080000000, 0x0000000100000000)
  region size 1024K, 1 young (1024K), 1 survivors (1024K)
 Metaspace       used 129423K, capacity 132487K, committed 133672K, reserved 1165312K
  class space    used 15850K, capacity 17020K, committed 17408K, reserved 1048576K
}
Event: 2878.499 GC heap before
{Heap before GC invocations=58 (full 0):
 garbage-first heap   total 205824K, used 129301K [0x0000000080000000, 0x0000000100000000)
  region size 1024K, 10 young (10240K), 1 survivors (1024K)
 Metaspace       used 129446K, capacity 132505K, committed 133672K, reserved 1165312K
  class space    used 15852K, capacity 17023K, committed 17408K, reserved 1048576K
}

Deoptimization events (20 events):
Event: 2851.961 Thread 0x0000017df4321000 DEOPT PACKING pc=0x0000017de4978ddc sp=0x00000046f5dfd390
Event: 2851.961 Thread 0x0000017df4321000 DEOPT UNPACKING pc=0x0000017ddc5fa1af sp=0x00000046f5dfd268 mode 2
Event: 2851.962 Thread 0x0000017df4321000 Uncommon trap: trap_request=0xffffff4d fr.pc=0x0000017de412b084 relative=0x00000000000001e4
Event: 2851.962 Thread 0x0000017df4321000 Uncommon trap: reason=unstable_if action=reinterpret pc=0x0000017de412b084 method=java.lang.StringCoding.encodeUTF8(B[BZ)[B @ 2 c2
Event: 2851.962 Thread 0x0000017df4321000 DEOPT PACKING pc=0x0000017de412b084 sp=0x00000046f5dfd2b0
Event: 2851.962 Thread 0x0000017df4321000 DEOPT UNPACKING pc=0x0000017ddc5fa1af sp=0x00000046f5dfd258 mode 2
Event: 2852.038 Thread 0x0000017df6786000 DEOPT PACKING pc=0x0000017ddf31e732 sp=0x00000046f57fdb30
Event: 2852.038 Thread 0x0000017df6786000 DEOPT UNPACKING pc=0x0000017ddc5fa95e sp=0x00000046f57fd078 mode 0
Event: 2852.111 Thread 0x0000017df6786000 DEOPT PACKING pc=0x0000017ddf31e68e sp=0x00000046f57fba80
Event: 2852.111 Thread 0x0000017df6786000 DEOPT UNPACKING pc=0x0000017ddc5fa95e sp=0x00000046f57fafc8 mode 0
Event: 2852.119 Thread 0x0000017df6786000 DEOPT PACKING pc=0x0000017ddf31e68e sp=0x00000046f57fb7c0
Event: 2852.119 Thread 0x0000017df6786000 DEOPT UNPACKING pc=0x0000017ddc5fa95e sp=0x00000046f57fad08 mode 0
Event: 2860.047 Thread 0x0000017df6789800 DEOPT PACKING pc=0x0000017dde686244 sp=0x00000046f5cfd4d0
Event: 2860.065 Thread 0x0000017df6789800 DEOPT UNPACKING pc=0x0000017ddc5fa95e sp=0x00000046f5cfca70 mode 0
Event: 2862.271 Thread 0x0000017df6789800 DEOPT PACKING pc=0x0000017dde443053 sp=0x00000046f5cfd1e0
Event: 2862.283 Thread 0x0000017df6789800 DEOPT UNPACKING pc=0x0000017ddc5fa95e sp=0x00000046f5cfc6e8 mode 0
Event: 2870.736 Thread 0x0000017df6789800 DEOPT PACKING pc=0x0000017ddf43c008 sp=0x00000046f5cfd330
Event: 2870.753 Thread 0x0000017df6789800 DEOPT UNPACKING pc=0x0000017ddc5fa95e sp=0x00000046f5cfc838 mode 0
Event: 2870.881 Thread 0x0000017df6789800 DEOPT PACKING pc=0x0000017ddf43c008 sp=0x00000046f5cfd350
Event: 2870.882 Thread 0x0000017df6789800 DEOPT UNPACKING pc=0x0000017ddc5fa95e sp=0x00000046f5cfc858 mode 0

Classes redefined (0 events):
No events

Internal exceptions (20 events):
Event: 2852.055 Thread 0x0000017df6786000 Exception <a 'java/lang/NoSuchMethodError'{0x000000008b0adc88}: <clinit>> (0x000000008b0adc88) thrown at [./src/hotspot/share/prims/jni.cpp, line 1366]
Event: 2852.055 Thread 0x0000017df6786000 Exception <a 'java/lang/NoSuchMethodError'{0x000000008b0af218}: <clinit>> (0x000000008b0af218) thrown at [./src/hotspot/share/prims/jni.cpp, line 1366]
Event: 2852.055 Thread 0x0000017df6786000 Exception <a 'java/lang/NoSuchMethodError'{0x000000008b0b1e18}: <clinit>> (0x000000008b0b1e18) thrown at [./src/hotspot/share/prims/jni.cpp, line 1366]
Event: 2852.057 Thread 0x0000017df6786000 Exception <a 'java/lang/NoSuchMethodError'{0x000000008b0c8ab8}: <clinit>> (0x000000008b0c8ab8) thrown at [./src/hotspot/share/prims/jni.cpp, line 1366]
Event: 2852.057 Thread 0x0000017df6786000 Exception <a 'java/lang/NoSuchMethodError'{0x000000008b0c9cf0}: <clinit>> (0x000000008b0c9cf0) thrown at [./src/hotspot/share/prims/jni.cpp, line 1366]
Event: 2852.136 Thread 0x0000017df6786000 Exception <a 'sun/nio/fs/WindowsException'{0x000000008acb9d88}> (0x000000008acb9d88) thrown at [./src/hotspot/share/prims/jni.cpp, line 616]
Event: 2852.137 Thread 0x0000017df6786000 Exception <a 'sun/nio/fs/WindowsException'{0x000000008acbac28}> (0x000000008acbac28) thrown at [./src/hotspot/share/prims/jni.cpp, line 616]
Event: 2852.137 Thread 0x0000017df6786000 Exception <a 'sun/nio/fs/WindowsException'{0x000000008acbaf78}> (0x000000008acbaf78) thrown at [./src/hotspot/share/prims/jni.cpp, line 616]
Event: 2852.137 Thread 0x0000017df6786000 Exception <a 'sun/nio/fs/WindowsException'{0x000000008acbbdf8}> (0x000000008acbbdf8) thrown at [./src/hotspot/share/prims/jni.cpp, line 616]
Event: 2852.137 Thread 0x0000017df6786000 Exception <a 'sun/nio/fs/WindowsException'{0x000000008acbc100}> (0x000000008acbc100) thrown at [./src/hotspot/share/prims/jni.cpp, line 616]
Event: 2852.137 Thread 0x0000017df6786000 Exception <a 'sun/nio/fs/WindowsException'{0x000000008acbcf98}> (0x000000008acbcf98) thrown at [./src/hotspot/share/prims/jni.cpp, line 616]
Event: 2852.137 Thread 0x0000017df6786000 Exception <a 'sun/nio/fs/WindowsException'{0x000000008acbd240}> (0x000000008acbd240) thrown at [./src/hotspot/share/prims/jni.cpp, line 616]
Event: 2852.137 Thread 0x0000017df6786000 Exception <a 'sun/nio/fs/WindowsException'{0x000000008acbe0a8}> (0x000000008acbe0a8) thrown at [./src/hotspot/share/prims/jni.cpp, line 616]
Event: 2852.137 Thread 0x0000017df6786000 Exception <a 'sun/nio/fs/WindowsException'{0x000000008acbe360}> (0x000000008acbe360) thrown at [./src/hotspot/share/prims/jni.cpp, line 616]
Event: 2852.140 Thread 0x0000017df6786000 Exception <a 'java/lang/NoSuchMethodError'{0x000000008accff90}: <clinit>> (0x000000008accff90) thrown at [./src/hotspot/share/prims/jni.cpp, line 1366]
Event: 2852.143 Thread 0x0000017df6786000 Exception <a 'java/lang/NoSuchMethodError'{0x000000008ab02ee8}: <clinit>> (0x000000008ab02ee8) thrown at [./src/hotspot/share/prims/jni.cpp, line 1366]
Event: 2852.144 Thread 0x0000017df6786000 Exception <a 'java/lang/NoSuchMethodError'{0x000000008ab15640}: <clinit>> (0x000000008ab15640) thrown at [./src/hotspot/share/prims/jni.cpp, line 1366]
Event: 2870.987 Thread 0x0000017df6789800 Exception <a 'sun/nio/fs/WindowsException'{0x000000008c263028}> (0x000000008c263028) thrown at [./src/hotspot/share/prims/jni.cpp, line 616]
Event: 2871.012 Thread 0x0000017df6789800 Exception <a 'sun/nio/fs/WindowsException'{0x000000008c2630c8}> (0x000000008c2630c8) thrown at [./src/hotspot/share/prims/jni.cpp, line 616]
Event: 2871.022 Thread 0x0000017df6789800 Exception <a 'sun/nio/fs/WindowsException'{0x000000008c2631b0}> (0x000000008c2631b0) thrown at [./src/hotspot/share/prims/jni.cpp, line 616]

Events (20 events):
Event: 2852.151 Executing VM operation: RevokeBias
Event: 2852.151 Executing VM operation: RevokeBias done
Event: 2852.182 Thread 0x0000017df431c000 Thread added: 0x0000017df431c000
Event: 2852.215 Thread 0x0000017df563d800 Thread added: 0x0000017df563d800
Event: 2852.215 Thread 0x0000017df563e800 Thread added: 0x0000017df563e800
Event: 2863.747 Executing VM operation: G1CollectForAllocation
Event: 2865.637 Executing VM operation: G1CollectForAllocation done
Event: 2870.088 Executing VM operation: G1CollectForAllocation
Event: 2870.553 Executing VM operation: G1CollectForAllocation done
Event: 2872.110 Executing VM operation: G1CollectForAllocation
Event: 2872.256 Executing VM operation: G1CollectForAllocation done
Event: 2872.951 Executing VM operation: G1CollectForAllocation
Event: 2873.181 Executing VM operation: G1CollectForAllocation done
Event: 2873.316 Executing VM operation: RevokeBias
Event: 2873.327 Executing VM operation: RevokeBias done
Event: 2877.504 Executing VM operation: RevokeBias
Event: 2877.507 Executing VM operation: RevokeBias done
Event: 2877.872 Executing VM operation: RevokeBias
Event: 2877.880 Executing VM operation: RevokeBias done
Event: 2878.486 Executing VM operation: G1CollectForAllocation


Dynamic libraries:
0x00007ff77a770000 - 0x00007ff77a77a000 	C:\Program Files\Android\Android Studio\jre\bin\java.exe
0x00007ffa0e450000 - 0x00007ffa0e648000 	C:\Windows\SYSTEM32\ntdll.dll
0x00007ffa0dec0000 - 0x00007ffa0df7d000 	C:\Windows\System32\KERNEL32.DLL
0x00007ffa0c0d0000 - 0x00007ffa0c3a2000 	C:\Windows\System32\KERNELBASE.dll
0x00007ffa0bc60000 - 0x00007ffa0bd60000 	C:\Windows\System32\ucrtbase.dll
0x00007ff9f39e0000 - 0x00007ff9f39f7000 	C:\Program Files\Android\Android Studio\jre\bin\VCRUNTIME140.dll
0x00007ff9ed030000 - 0x00007ff9ed049000 	C:\Program Files\Android\Android Studio\jre\bin\jli.dll
0x00007ffa0d9d0000 - 0x00007ffa0db6d000 	C:\Windows\System32\USER32.dll
0x00007ffa0bd60000 - 0x00007ffa0bd82000 	C:\Windows\System32\win32u.dll
0x00007ff9f5aa0000 - 0x00007ff9f5d3a000 	C:\Windows\WinSxS\amd64_microsoft.windows.common-controls_6595b64144ccf1df_6.0.19041.1110_none_60b5254171f9507e\COMCTL32.dll
0x00007ffa0d9a0000 - 0x00007ffa0d9cb000 	C:\Windows\System32\GDI32.dll
0x00007ffa0c6d0000 - 0x00007ffa0c76e000 	C:\Windows\System32\msvcrt.dll
0x00007ffa0bdc0000 - 0x00007ffa0becf000 	C:\Windows\System32\gdi32full.dll
0x00007ffa0bed0000 - 0x00007ffa0bf6d000 	C:\Windows\System32\msvcp_win.dll
0x00007ffa0c830000 - 0x00007ffa0c860000 	C:\Windows\System32\IMM32.DLL
0x00007ff9cb4a0000 - 0x00007ff9cb53d000 	C:\Program Files\Android\Android Studio\jre\bin\msvcp140.dll
0x00007ff990aa0000 - 0x00007ff9915a2000 	C:\Program Files\Android\Android Studio\jre\bin\server\jvm.dll
0x00007ffa0c8c0000 - 0x00007ffa0c96e000 	C:\Windows\System32\ADVAPI32.dll
0x00007ffa0cca0000 - 0x00007ffa0cd3c000 	C:\Windows\System32\sechost.dll
0x00007ffa0e2e0000 - 0x00007ffa0e405000 	C:\Windows\System32\RPCRT4.dll
0x00007ffa0c770000 - 0x00007ffa0c778000 	C:\Windows\System32\PSAPI.DLL
0x00007ffa01cb0000 - 0x00007ffa01cba000 	C:\Windows\SYSTEM32\VERSION.dll
0x00007ffa042b0000 - 0x00007ffa042b9000 	C:\Windows\SYSTEM32\WSOCK32.dll
0x00007ff9f48f0000 - 0x00007ff9f4917000 	C:\Windows\SYSTEM32\WINMM.dll
0x00007ffa0c970000 - 0x00007ffa0c9db000 	C:\Windows\System32\WS2_32.dll
0x00007ffa0a3e0000 - 0x00007ffa0a3f2000 	C:\Windows\SYSTEM32\kernel.appcore.dll
0x00007ff9fb0c0000 - 0x00007ff9fb0d1000 	C:\Program Files\Android\Android Studio\jre\bin\verify.dll
0x00007ff9fd370000 - 0x00007ff9fd554000 	C:\Windows\SYSTEM32\DBGHELP.DLL
0x00007ff9ec5e0000 - 0x00007ff9ec60c000 	C:\Windows\SYSTEM32\dbgcore.DLL
0x00007ffa0bb60000 - 0x00007ffa0bbe2000 	C:\Windows\System32\bcryptPrimitives.dll
0x00007ff9fafe0000 - 0x00007ff9fb009000 	C:\Program Files\Android\Android Studio\jre\bin\java.dll
0x00007ffa03780000 - 0x00007ffa0378b000 	C:\Program Files\Android\Android Studio\jre\bin\jimage.dll
0x00007ff9fb0a0000 - 0x00007ff9fb0b8000 	C:\Program Files\Android\Android Studio\jre\bin\zip.dll
0x00007ffa0d250000 - 0x00007ffa0d993000 	C:\Windows\System32\SHELL32.dll
0x00007ffa09c00000 - 0x00007ffa0a391000 	C:\Windows\SYSTEM32\windows.storage.dll
0x00007ffa0df80000 - 0x00007ffa0e2d4000 	C:\Windows\System32\combase.dll
0x00007ffa0b4e0000 - 0x00007ffa0b510000 	C:\Windows\SYSTEM32\Wldp.dll
0x00007ffa0c780000 - 0x00007ffa0c82d000 	C:\Windows\System32\SHCORE.dll
0x00007ffa0dd80000 - 0x00007ffa0ddd5000 	C:\Windows\System32\shlwapi.dll
0x00007ffa0baa0000 - 0x00007ffa0babf000 	C:\Windows\SYSTEM32\profapi.dll
0x00007ff9fafa0000 - 0x00007ff9fafba000 	C:\Program Files\Android\Android Studio\jre\bin\net.dll
0x00007ff9fb450000 - 0x00007ff9fb55d000 	C:\Windows\SYSTEM32\WINHTTP.dll
0x00007ffa0b240000 - 0x00007ffa0b2aa000 	C:\Windows\system32\mswsock.dll
0x00007ff9faf80000 - 0x00007ff9faf94000 	C:\Program Files\Android\Android Studio\jre\bin\nio.dll
0x00007ff9cb7d0000 - 0x00007ff9cb7f7000 	D:\pertemuan3\pertemuan3\native\e1d6ef7f7dcc3fd88c89a11ec53ec762bb8ba0a96d01ffa2cd45eb1d1d8dd5c5\windows-amd64\native-platform.dll
0x00007ff9c2bd0000 - 0x00007ff9c2d14000 	D:\pertemuan3\pertemuan3\native\0d407fdbe67a94daf76414ababcb853783967236a71b16ec16e742cd7a986fd3\windows-amd64\native-platform-file-events.dll
0x00007ffa018c0000 - 0x00007ffa018ca000 	C:\Program Files\Android\Android Studio\jre\bin\management.dll
0x00007ffa01760000 - 0x00007ffa0176d000 	C:\Program Files\Android\Android Studio\jre\bin\management_ext.dll
0x00007ffa0b430000 - 0x00007ffa0b448000 	C:\Windows\SYSTEM32\CRYPTSP.dll
0x00007ffa0ab60000 - 0x00007ffa0ab94000 	C:\Windows\system32\rsaenh.dll
0x00007ffa0bd90000 - 0x00007ffa0bdb7000 	C:\Windows\System32\bcrypt.dll
0x00007ffa0ba20000 - 0x00007ffa0ba4e000 	C:\Windows\SYSTEM32\USERENV.dll
0x00007ffa0b450000 - 0x00007ffa0b45c000 	C:\Windows\SYSTEM32\CRYPTBASE.dll
0x00007ffa0af30000 - 0x00007ffa0af6b000 	C:\Windows\SYSTEM32\IPHLPAPI.DLL
0x00007ffa0deb0000 - 0x00007ffa0deb8000 	C:\Windows\System32\NSI.dll
0x00007ffa01c20000 - 0x00007ffa01c37000 	C:\Windows\SYSTEM32\dhcpcsvc6.DLL
0x00007ffa01be0000 - 0x00007ffa01bfd000 	C:\Windows\SYSTEM32\dhcpcsvc.DLL
0x00007ffa0af70000 - 0x00007ffa0b03a000 	C:\Windows\SYSTEM32\DNSAPI.dll
0x00007ff9d1830000 - 0x00007ff9d1857000 	C:\Program Files\Android\Android Studio\jre\bin\sunec.dll
0x00007ffa0ac80000 - 0x00007ffa0acb3000 	C:\Windows\SYSTEM32\ntmarta.dll

dbghelp: loaded successfully - version: 4.0.5 - missing functions: none
symbol engine: initialized successfully - sym options: 0x614 - pdb path: .;C:\Program Files\Android\Android Studio\jre\bin;C:\Windows\SYSTEM32;C:\Windows\WinSxS\amd64_microsoft.windows.common-controls_6595b64144ccf1df_6.0.19041.1110_none_60b5254171f9507e;C:\Program Files\Android\Android Studio\jre\bin\server;D:\pertemuan3\pertemuan3\native\e1d6ef7f7dcc3fd88c89a11ec53ec762bb8ba0a96d01ffa2cd45eb1d1d8dd5c5\windows-amd64;D:\pertemuan3\pertemuan3\native\0d407fdbe67a94daf76414ababcb853783967236a71b16ec16e742cd7a986fd3\windows-amd64

VM Arguments:
jvm_args: --add-opens=java.base/java.util=ALL-UNNAMED --add-opens=java.base/java.lang=ALL-UNNAMED --add-opens=java.base/java.lang.invoke=ALL-UNNAMED --add-opens=java.base/java.util=ALL-UNNAMED --add-opens=java.prefs/java.util.prefs=ALL-UNNAMED --add-opens=java.prefs/java.util.prefs=ALL-UNNAMED --add-opens=java.base/java.nio.charset=ALL-UNNAMED --add-opens=java.base/java.net=ALL-UNNAMED --add-opens=java.base/java.util.concurrent.atomic=ALL-UNNAMED -Xmx2048m -Dfile.encoding=UTF-8 -Duser.country=ID -Duser.language=en -Duser.variant 
java_command: org.gradle.launcher.daemon.bootstrap.GradleDaemon 7.4
java_class_path (initial): D:\pertemuan3\pertemuan3\wrapper\dists\gradle-7.4-bin\c0gwcg53nkjbqw7r0h0umtfvt\gradle-7.4\lib\gradle-launcher-7.4.jar
Launcher Type: SUN_STANDARD

[Global flags]
     intx CICompilerCount                          = 3                                         {product} {ergonomic}
     uint ConcGCThreads                            = 1                                         {product} {ergonomic}
     uint G1ConcRefinementThreads                  = 4                                         {product} {ergonomic}
   size_t G1HeapRegionSize                         = 1048576                                   {product} {ergonomic}
    uintx GCDrainStackTargetSize                   = 64                                        {product} {ergonomic}
   size_t InitialHeapSize                          = 65011712                                  {product} {ergonomic}
   size_t MarkStackSize                            = 4194304                                   {product} {ergonomic}
   size_t MaxHeapSize                              = 2147483648                                {product} {command line}
   size_t MaxNewSize                               = 1287651328                                {product} {ergonomic}
   size_t MinHeapDeltaBytes                        = 1048576                                   {product} {ergonomic}
    uintx NonNMethodCodeHeapSize                   = 5830732                                {pd product} {ergonomic}
    uintx NonProfiledCodeHeapSize                  = 122913754                              {pd product} {ergonomic}
    uintx ProfiledCodeHeapSize                     = 122913754                              {pd product} {ergonomic}
    uintx ReservedCodeCacheSize                    = 251658240                              {pd product} {ergonomic}
     bool SegmentedCodeCache                       = true                                      {product} {ergonomic}
     bool UseCompressedClassPointers               = true                                 {lp64_product} {ergonomic}
     bool UseCompressedOops                        = true                                 {lp64_product} {ergonomic}
     bool UseG1GC                                  = true                                      {product} {ergonomic}
     bool UseLargePagesIndividualAllocation        = false                                  {pd product} {ergonomic}

Logging:
Log output configuration:
 #0: stdout all=warning uptime,level,tags
 #1: stderr all=off uptime,level,tags

Environment Variables:
JAVA_HOME=C:\Program Files\Java\jdk-17.0.4.1
PATH=C:\Program Files\Java\jdk-17.0.4.1\bin;C:\Program Files (x86)\Borland\Delphi7\Bin;C:\Program Files (x86)\Borland\Delphi7\Projects\Bpl\;D:\Embarcadero\Studio\20.0\bin;C:\Users\Public\Documents\Embarcadero\Studio\20.0\Bpl;D:\Embarcadero\Studio\20.0\bin64;C:\Users\Public\Documents\Embarcadero\Studio\20.0\Bpl\Win64;C:\Program Files (x86)\Common Files\Intel\Shared Files\cpp\bin\Intel64;C:\Windows\system32;C:\Windows;C:\Windows\System32\Wbem;C:\Windows\System32\WindowsPowerShell\v1.0\;C:\Windows\System32\OpenSSH\;C:\Program Files\Microsoft SQL Server\110\Tools\Binn\;C:\Program Files\php-8.1.4;C:\ProgramData\ComposerSetup\bin;C:\Program Files\Microsoft SQL Server\Client SDK\ODBC\110\Tools\Binn\;C:\Program Files (x86)\Microsoft SQL Server\120\Tools\Binn\;C:\Program Files\Microsoft SQL Server\120\Tools\Binn\;C:\Program Files\Microsoft SQL Server\120\DTS\Binn\;C:\Program Files (x86)\Microsoft SQL Server\120\Tools\Binn\ManagementStudio\;C:\Program Files (x86)\Microsoft SQL Server\120\DTS\Binn\;C:\Program Files\Git\cmd;C:\Users\USER\AppData\Roaming\Composer\vendor\bin;C:\Program Files\nodejs\;C:\Program Files (x86)\Windows Kits\8.1\Windows Performance Toolkit\;C:\Users\USER\AppData\Local\Microsoft\WindowsApps;;C:\Users\USER\AppData\Local\Programs\Microsoft VS Code\bin;C:\Users\USER\AppData\Roaming\Composer\vendor\bin;C:\Users\USER\AppData\Roaming\npm
USERNAME=USER
OS=Windows_NT
PROCESSOR_IDENTIFIER=Intel64 Family 6 Model 142 Stepping 12, GenuineIntel



---------------  S Y S T E M  ---------------

OS: Windows 10 , 64 bit Build 19041 (10.0.19041.1889)
OS uptime: 2 days 15:51 hours

CPU:total 4 (initial active 4) (2 cores per cpu, 2 threads per core) family 6 model 142 stepping 12 microcode 0xde, cmov, cx8, fxsr, mmx, sse, sse2, sse3, ssse3, sse4.1, sse4.2, popcnt, avx, avx2, aes, clmul, erms, 3dnowpref, lzcnt, ht, tsc, tscinvbit, bmi1, bmi2, adx, fma

Memory: 4k page, system-wide physical 3933M (5M free)
TotalPageFile size 16221M (AvailPageFile size 97M)
current process WorkingSet (physical memory assigned to process): 7M, peak: 448M
current process commit charge ("private bytes"): 549M, peak: 936M

vm_info: OpenJDK 64-Bit Server VM (11.0.13+0-b1751.21-8125866) for windows-amd64 JRE (11.0.13+0-b1751.21-8125866), built on Feb  2 2022 03:00:22 by "builder" with MS VC++ 14.0 (VS2015)

END.
