#
# There is insufficient memory for the Java Runtime Environment to continue.
# Native memory allocation (mmap) failed to map 42991616 bytes for Failed to commit area from 0x000000008cd00000 to 0x000000008f600000 of length 42991616.
# Possible reasons:
#   The system is out of physical RAM or swap space
#   The process is running with CompressedOops enabled, and the Java Heap may be blocking the growth of the native heap
# Possible solutions:
#   Reduce memory load on the system
#   Increase physical memory or swap space
#   Check if swap backing store is full
#   Decrease Java heap size (-Xmx/-Xms)
#   Decrease number of Java threads
#   Decrease Java thread stack sizes (-Xss)
#   Set larger code cache with -XX:ReservedCodeCacheSize=
#   JVM is running with Unscaled Compressed Oops mode in which the Java heap is
#     placed in the first 4GB address space. The Java Heap base address is the
#     maximum limit for the native heap growth. Please use -XX:HeapBaseMinAddress
#     to set the Java Heap base and to place the Java Heap above 4GB virtual address.
# This output file may be truncated or incomplete.
#
#  Out of Memory Error (./src/hotspot/os/windows/os_windows.cpp:3619), pid=11064, tid=11380
#
# JRE version: OpenJDK Runtime Environment (11.0.13) (build 11.0.13+0-b1751.21-8125866)
# Java VM: OpenJDK 64-Bit Server VM (11.0.13+0-b1751.21-8125866, mixed mode, tiered, compressed oops, g1 gc, windows-amd64)
# No core dump will be written. Minidumps are not enabled by default on client versions of Windows
#

---------------  S U M M A R Y ------------

Command Line: --add-opens=java.base/java.util=ALL-UNNAMED --add-opens=java.base/java.lang=ALL-UNNAMED --add-opens=java.base/java.lang.invoke=ALL-UNNAMED --add-opens=java.base/java.util=ALL-UNNAMED --add-opens=java.prefs/java.util.prefs=ALL-UNNAMED --add-opens=java.prefs/java.util.prefs=ALL-UNNAMED --add-opens=java.base/java.nio.charset=ALL-UNNAMED --add-opens=java.base/java.net=ALL-UNNAMED --add-opens=java.base/java.util.concurrent.atomic=ALL-UNNAMED -Xmx2048m -Dfile.encoding=UTF-8 -Duser.country=ID -Duser.language=en -Duser.variant org.gradle.launcher.daemon.bootstrap.GradleDaemon 7.4

Host: Intel(R) Core(TM) i3-10110U CPU @ 2.10GHz, 4 cores, 3G,  Windows 10 , 64 bit Build 19041 (10.0.19041.1889)
Time: Tue Nov  1 14:51:25 2022 SE Asia Standard Time elapsed time: 228.084802 seconds (0d 0h 3m 48s)

---------------  T H R E A D  ---------------

Current thread (0x0000026562aec000):  VMThread "VM Thread" [stack: 0x0000006644d00000,0x0000006644e00000] [id=11380]

Stack: [0x0000006644d00000,0x0000006644e00000]
[error occurred during error reporting (printing stack bounds), id 0xc0000005, EXCEPTION_ACCESS_VIOLATION (0xc0000005) at pc=0x000002654ca6112d]

Native frames: (J=compiled Java code, j=interpreted, Vv=VM code, C=native code)
V  [jvm.dll+0x6100fa]
V  [jvm.dll+0x747090]
V  [jvm.dll+0x7486ad]
V  [jvm.dll+0x748ce5]
V  [jvm.dll+0x748c9b]
V  [jvm.dll+0x60f224]
V  [jvm.dll+0x60f9b8]
C  [ntdll.dll+0xa241f]
C  [ntdll.dll+0x514a4]
C  [ntdll.dll+0xa0f4e]
C  0x000002654ca6112d

VM_Operation (0x00000066466fdce0): G1CollectForAllocation, mode: safepoint, requested by thread 0x00000265657c7000


---------------  P R O C E S S  ---------------

Threads class SMR info:
_java_thread_list=0x000002656934bf80, length=80, elements={
0x0000026548f3e800, 0x0000026562b31800, 0x0000026562b3d000, 0x0000026562b4e800,
0x0000026562b52000, 0x0000026562b54800, 0x0000026562b59000, 0x0000026562b5e000,
0x0000026562b62000, 0x00000265635c5000, 0x000002656505e000, 0x0000026564d76800,
0x0000026564f4b800, 0x00000265657c7000, 0x00000265657c4800, 0x00000265657c8000,
0x00000265657c2800, 0x00000265657c9000, 0x0000026565c4e000, 0x0000026565c4b800,
0x0000026565c4c000, 0x0000026565c50000, 0x0000026565c4f800, 0x00000265642ac800,
0x00000265642a7000, 0x00000265642af000, 0x0000026567ac2800, 0x0000026567ac9000,
0x0000026567ac5000, 0x0000026567ac7800, 0x0000026567ac3800, 0x0000026567ac6800,
0x0000026567ac4000, 0x0000026567acb800, 0x0000026567ac8800, 0x0000026567aca000,
0x0000026567ac6000, 0x0000026567ad0800, 0x0000026567acc800, 0x0000026567acf800,
0x0000026567aca800, 0x0000026567acd000, 0x0000026567ace000, 0x0000026567acf000,
0x0000026567ad1000, 0x00000265642a2800, 0x00000265642a3800, 0x00000265642a4800,
0x00000265642a7800, 0x00000265642a5000, 0x00000265642a6000, 0x00000265642a2000,
0x00000265642a8800, 0x00000265642ab800, 0x00000265642aa000, 0x00000265642ae000,
0x00000265642ab000, 0x00000265642a9000, 0x00000265642b0000, 0x00000265642b0800,
0x0000026565c4a800, 0x0000026565c51000, 0x0000026565c52000, 0x0000026565c52800,
0x0000026565c4d000, 0x0000026565c57000, 0x0000026565c53800, 0x0000026565c57800,
0x0000026565c54800, 0x0000026565c56000, 0x0000026565c59000, 0x0000026565c58800,
0x0000026565c55000, 0x00000265657c3000, 0x00000265657c5800, 0x00000265657c6800,
0x00000265657c4000, 0x0000026569da0800, 0x0000026569da4800, 0x0000026569da7000
}

Java Threads: ( => current thread )
  0x0000026548f3e800 JavaThread "main" [_thread_blocked, id=14684, stack(0x0000006644700000,0x0000006644800000)]
  0x0000026562b31800 JavaThread "Reference Handler" daemon [_thread_blocked, id=11280, stack(0x0000006644e00000,0x0000006644f00000)]
  0x0000026562b3d000 JavaThread "Finalizer" daemon [_thread_blocked, id=2068, stack(0x0000006644f00000,0x0000006645000000)]
  0x0000026562b4e800 JavaThread "Signal Dispatcher" daemon [_thread_blocked, id=3764, stack(0x0000006645000000,0x0000006645100000)]
  0x0000026562b52000 JavaThread "Attach Listener" daemon [_thread_blocked, id=13428, stack(0x0000006645100000,0x0000006645200000)]
  0x0000026562b54800 JavaThread "Service Thread" daemon [_thread_blocked, id=9324, stack(0x0000006645200000,0x0000006645300000)]
  0x0000026562b59000 JavaThread "C2 CompilerThread0" daemon [_thread_blocked, id=6020, stack(0x0000006645300000,0x0000006645400000)]
  0x0000026562b5e000 JavaThread "C1 CompilerThread0" daemon [_thread_blocked, id=11028, stack(0x0000006645400000,0x0000006645500000)]
  0x0000026562b62000 JavaThread "Sweeper thread" daemon [_thread_blocked, id=11748, stack(0x0000006645500000,0x0000006645600000)]
  0x00000265635c5000 JavaThread "Common-Cleaner" daemon [_thread_blocked, id=16872, stack(0x0000006645600000,0x0000006645700000)]
  0x000002656505e000 JavaThread "Daemon health stats" [_thread_blocked, id=4268, stack(0x0000006645a00000,0x0000006645b00000)]
  0x0000026564d76800 JavaThread "Incoming local TCP Connector on port 1062" [_thread_in_native, id=10064, stack(0x0000006645900000,0x0000006645a00000)]
  0x0000026564f4b800 JavaThread "Daemon periodic checks" [_thread_blocked, id=12024, stack(0x0000006645d00000,0x0000006645e00000)]
  0x00000265657c7000 JavaThread "Cache worker for journal cache (D:\pertemuan3\pertemuan3\caches\journal-1)" [_thread_blocked, id=9636, stack(0x0000006646600000,0x0000006646700000)]
  0x00000265657c4800 JavaThread "File lock request listener" [_thread_in_native, id=12808, stack(0x0000006646700000,0x0000006646800000)]
  0x00000265657c8000 JavaThread "Cache worker for file hash cache (D:\pertemuan3\pertemuan3\caches\7.4\fileHashes)" [_thread_blocked, id=5624, stack(0x0000006646800000,0x0000006646900000)]
  0x00000265657c2800 JavaThread "File watcher server" daemon [_thread_blocked, id=18408, stack(0x0000006646900000,0x0000006646a00000)]
  0x00000265657c9000 JavaThread "File watcher consumer" daemon [_thread_blocked, id=3772, stack(0x0000006646a00000,0x0000006646b00000)]
  0x0000026565c4e000 JavaThread "Cache worker for execution history cache (D:\pertemuan3\pertemuan3\caches\7.4\executionHistory)" [_thread_blocked, id=3684, stack(0x0000006646f00000,0x0000006647000000)]
  0x0000026565c4b800 JavaThread "jar transforms" [_thread_blocked, id=5776, stack(0x0000006647000000,0x0000006647100000)]
  0x0000026565c4c000 JavaThread "Cache worker for file content cache (D:\pertemuan3\pertemuan3\caches\7.4\fileContent)" [_thread_blocked, id=3672, stack(0x0000006647100000,0x0000006647200000)]
  0x0000026565c50000 JavaThread "jar transforms Thread 2" [_thread_blocked, id=8216, stack(0x0000006647200000,0x0000006647300000)]
  0x0000026565c4f800 JavaThread "jar transforms Thread 3" [_thread_blocked, id=13476, stack(0x0000006647400000,0x0000006647500000)]
  0x00000265642ac800 JavaThread "jar transforms Thread 4" [_thread_blocked, id=12520, stack(0x0000006649e00000,0x0000006649f00000)]
  0x00000265642a7000 JavaThread "Memory manager" [_thread_blocked, id=16664, stack(0x0000006649f00000,0x000000664a000000)]
  0x00000265642af000 JavaThread "pool-3-thread-1" [_thread_blocked, id=4836, stack(0x000000664a100000,0x000000664a200000)]
  0x0000026567ac2800 JavaThread "pool-7-thread-1" [_thread_blocked, id=13972, stack(0x000000664a000000,0x000000664a100000)]
  0x0000026567ac9000 JavaThread "Daemon Thread 2" [_thread_blocked, id=9256, stack(0x0000006644400000,0x0000006644500000)]
  0x0000026567ac5000 JavaThread "Handler for socket connection from /127.0.0.1:1062 to /127.0.0.1:23123" [_thread_in_native, id=4984, stack(0x0000006644500000,0x0000006644600000)]
  0x0000026567ac7800 JavaThread "Cancel handler" [_thread_blocked, id=8476, stack(0x0000006644600000,0x0000006644700000)]
  0x0000026567ac3800 JavaThread "Daemon worker Thread 2" [_thread_blocked, id=17456, stack(0x0000006645e00000,0x0000006645f00000)]
  0x0000026567ac6800 JavaThread "Asynchronous log dispatcher for DefaultDaemonConnection: socket connection from /127.0.0.1:1062 to /127.0.0.1:23123" [_thread_blocked, id=2160, stack(0x0000006645f00000,0x0000006646000000)]
  0x0000026567ac4000 JavaThread "Stdin handler" [_thread_blocked, id=13448, stack(0x0000006646000000,0x0000006646100000)]
  0x0000026567acb800 JavaThread "Daemon client event forwarder" [_thread_blocked, id=5640, stack(0x0000006646100000,0x0000006646200000)]
  0x0000026567ac8800 JavaThread "Cache worker for checksums cache (D:\ws4_acrionBar\ws4_acrionBar\.gradle\7.4\checksums)" [_thread_blocked, id=7564, stack(0x0000006646200000,0x0000006646300000)]
  0x0000026567aca000 JavaThread "Cache worker for cache directory md-rule (D:\pertemuan3\pertemuan3\caches\7.4\md-rule)" [_thread_blocked, id=12832, stack(0x0000006646300000,0x0000006646400000)]
  0x0000026567ac6000 JavaThread "Cache worker for file hash cache (D:\ws4_acrionBar\ws4_acrionBar\.gradle\7.4\fileHashes)" [_thread_blocked, id=17204, stack(0x0000006646400000,0x0000006646500000)]
  0x0000026567ad0800 JavaThread "Cache worker for cache directory md-supplier (D:\pertemuan3\pertemuan3\caches\7.4\md-supplier)" [_thread_blocked, id=16772, stack(0x0000006646500000,0x0000006646600000)]
  0x0000026567acc800 JavaThread "Cache worker for dependencies-accessors (D:\ws4_acrionBar\ws4_acrionBar\.gradle\7.4\dependencies-accessors)" [_thread_blocked, id=17128, stack(0x0000006646b00000,0x0000006646c00000)]
  0x0000026567acf800 JavaThread "Cache worker for Build Output Cleanup Cache (D:\ws4_acrionBar\ws4_acrionBar\.gradle\buildOutputCleanup)" [_thread_blocked, id=16000, stack(0x0000006646c00000,0x0000006646d00000)]
  0x0000026567aca800 JavaThread "Unconstrained build operations" [_thread_blocked, id=17216, stack(0x0000006646d00000,0x0000006646e00000)]
  0x0000026567acd000 JavaThread "Unconstrained build operations Thread 2" [_thread_blocked, id=16856, stack(0x0000006646e00000,0x0000006646f00000)]
  0x0000026567ace000 JavaThread "Unconstrained build operations Thread 3" [_thread_blocked, id=13244, stack(0x0000006647300000,0x0000006647400000)]
  0x0000026567acf000 JavaThread "Unconstrained build operations Thread 4" [_thread_blocked, id=2804, stack(0x0000006647500000,0x0000006647600000)]
  0x0000026567ad1000 JavaThread "Unconstrained build operations Thread 5" [_thread_blocked, id=3756, stack(0x0000006647600000,0x0000006647700000)]
  0x00000265642a2800 JavaThread "Unconstrained build operations Thread 6" [_thread_blocked, id=14284, stack(0x0000006647700000,0x0000006647800000)]
  0x00000265642a3800 JavaThread "Unconstrained build operations Thread 7" [_thread_blocked, id=16544, stack(0x0000006647800000,0x0000006647900000)]
  0x00000265642a4800 JavaThread "Unconstrained build operations Thread 8" [_thread_blocked, id=16152, stack(0x0000006647900000,0x0000006647a00000)]
  0x00000265642a7800 JavaThread "Unconstrained build operations Thread 9" [_thread_blocked, id=11840, stack(0x0000006647a00000,0x0000006647b00000)]
  0x00000265642a5000 JavaThread "Unconstrained build operations Thread 10" [_thread_blocked, id=11860, stack(0x0000006647b00000,0x0000006647c00000)]
  0x00000265642a6000 JavaThread "Unconstrained build operations Thread 11" [_thread_blocked, id=16200, stack(0x0000006647c00000,0x0000006647d00000)]
  0x00000265642a2000 JavaThread "Unconstrained build operations Thread 12" [_thread_blocked, id=13124, stack(0x0000006647d00000,0x0000006647e00000)]
  0x00000265642a8800 JavaThread "Unconstrained build operations Thread 13" [_thread_blocked, id=2992, stack(0x0000006647e00000,0x0000006647f00000)]
  0x00000265642ab800 JavaThread "Unconstrained build operations Thread 14" [_thread_blocked, id=14460, stack(0x0000006647f00000,0x0000006648000000)]
  0x00000265642aa000 JavaThread "Unconstrained build operations Thread 15" [_thread_blocked, id=17008, stack(0x0000006648000000,0x0000006648100000)]
  0x00000265642ae000 JavaThread "Unconstrained build operations Thread 16" [_thread_blocked, id=8924, stack(0x0000006648100000,0x0000006648200000)]
  0x00000265642ab000 JavaThread "Unconstrained build operations Thread 17" [_thread_blocked, id=6668, stack(0x0000006648200000,0x0000006648300000)]
  0x00000265642a9000 JavaThread "Unconstrained build operations Thread 18" [_thread_blocked, id=3220, stack(0x0000006648300000,0x0000006648400000)]
  0x00000265642b0000 JavaThread "Unconstrained build operations Thread 19" [_thread_blocked, id=18388, stack(0x0000006648400000,0x0000006648500000)]
  0x00000265642b0800 JavaThread "Unconstrained build operations Thread 20" [_thread_blocked, id=12332, stack(0x0000006648500000,0x0000006648600000)]
  0x0000026565c4a800 JavaThread "Unconstrained build operations Thread 21" [_thread_blocked, id=10796, stack(0x0000006648600000,0x0000006648700000)]
  0x0000026565c51000 JavaThread "Unconstrained build operations Thread 22" [_thread_blocked, id=9336, stack(0x0000006648700000,0x0000006648800000)]
  0x0000026565c52000 JavaThread "Unconstrained build operations Thread 23" [_thread_blocked, id=7344, stack(0x0000006648800000,0x0000006648900000)]
  0x0000026565c52800 JavaThread "Unconstrained build operations Thread 24" [_thread_blocked, id=3376, stack(0x0000006648900000,0x0000006648a00000)]
  0x0000026565c4d000 JavaThread "Unconstrained build operations Thread 25" [_thread_blocked, id=9664, stack(0x0000006648a00000,0x0000006648b00000)]
  0x0000026565c57000 JavaThread "Unconstrained build operations Thread 26" [_thread_blocked, id=4932, stack(0x0000006648b00000,0x0000006648c00000)]
  0x0000026565c53800 JavaThread "Unconstrained build operations Thread 27" [_thread_blocked, id=17484, stack(0x0000006648c00000,0x0000006648d00000)]
  0x0000026565c57800 JavaThread "Unconstrained build operations Thread 28" [_thread_blocked, id=17264, stack(0x0000006648d00000,0x0000006648e00000)]
  0x0000026565c54800 JavaThread "Unconstrained build operations Thread 29" [_thread_blocked, id=11564, stack(0x0000006648e00000,0x0000006648f00000)]
  0x0000026565c56000 JavaThread "Unconstrained build operations Thread 30" [_thread_blocked, id=32, stack(0x0000006648f00000,0x0000006649000000)]
  0x0000026565c59000 JavaThread "Unconstrained build operations Thread 31" [_thread_blocked, id=13424, stack(0x0000006649000000,0x0000006649100000)]
  0x0000026565c58800 JavaThread "Unconstrained build operations Thread 32" [_thread_blocked, id=1912, stack(0x0000006649100000,0x0000006649200000)]
  0x0000026565c55000 JavaThread "Unconstrained build operations Thread 33" [_thread_blocked, id=17124, stack(0x0000006649200000,0x0000006649300000)]
  0x00000265657c3000 JavaThread "Unconstrained build operations Thread 34" [_thread_blocked, id=16444, stack(0x0000006649300000,0x0000006649400000)]
  0x00000265657c5800 JavaThread "Unconstrained build operations Thread 35" [_thread_blocked, id=6856, stack(0x0000006649400000,0x0000006649500000)]
  0x00000265657c6800 JavaThread "Unconstrained build operations Thread 36" [_thread_blocked, id=2172, stack(0x0000006649500000,0x0000006649600000)]
  0x00000265657c4000 JavaThread "Unconstrained build operations Thread 37" [_thread_blocked, id=13420, stack(0x0000006649600000,0x0000006649700000)]
  0x0000026569da0800 JavaThread "Unconstrained build operations Thread 38" [_thread_blocked, id=15332, stack(0x0000006649700000,0x0000006649800000)]
  0x0000026569da4800 JavaThread "Unconstrained build operations Thread 39" [_thread_blocked, id=7312, stack(0x0000006649800000,0x0000006649900000)]
  0x0000026569da7000 JavaThread "Unconstrained build operations Thread 40" [_thread_blocked, id=4872, stack(0x0000006649900000,0x0000006649a00000)]

Other Threads:
=>0x0000026562aec000 VMThread "VM Thread" [stack: 0x0000006644d00000,0x0000006644e00000] [id=11380]
  0x000002656362a000 WatcherThread [stack: 0x0000006645700000,0x0000006645800000] [id=13392]
  0x0000026548f57800 GCTaskThread "GC Thread#0" [stack: 0x0000006644800000,0x0000006644900000] [id=10876]
  0x00000265638d0000 GCTaskThread "GC Thread#1" [stack: 0x0000006645800000,0x0000006645900000] [id=4416]
  0x0000026564466800 GCTaskThread "GC Thread#2" [stack: 0x0000006645b00000,0x0000006645c00000] [id=944]
  0x0000026564896000 GCTaskThread "GC Thread#3" [stack: 0x0000006645c00000,0x0000006645d00000] [id=1664]
  0x0000026548f89000 ConcurrentGCThread "G1 Main Marker" [stack: 0x0000006644900000,0x0000006644a00000] [id=3820]
  0x0000026548f8a000 ConcurrentGCThread "G1 Conc#0" [stack: 0x0000006644a00000,0x0000006644b00000] [id=10512]
  0x0000026548fe2000 ConcurrentGCThread "G1 Refine#0" [stack: 0x0000006644b00000,0x0000006644c00000] [id=17020]
  0x0000026548fe3000 ConcurrentGCThread "G1 Young RemSet Sampling" [stack: 0x0000006644c00000,0x0000006644d00000] [id=8876]

Threads with active compile tasks:

VM state:at safepoint (normal execution)

VM Mutex/Monitor currently owned by a thread:  ([mutex/lock_event])
[0x0000026548f3a730] Threads_lock - owner thread: 0x0000026562aec000
[0x0000026548f3b930] Heap_lock - owner thread: 0x00000265657c7000

Heap address: 0x0000000080000000, size: 2048 MB, Compressed Oops mode: 32-bit
Narrow klass base: 0x0000000000000000, Narrow klass shift: 3
Compressed class space size: 1073741824 Address: 0x0000000100000000

Heap:
 garbage-first heap   total 251904K, used 98726K [0x0000000080000000, 0x0000000100000000)
  region size 1024K, 3 young (3072K), 3 survivors (3072K)
 Metaspace       used 103541K, capacity 105924K, committed 106076K, reserved 1142784K
  class space    used 12633K, capacity 13496K, committed 13568K, reserved 1048576K
Heap Regions: E=young(eden), S=young(survivor), O=old, HS=humongous(starts), HC=humongous(continues), CS=collection set, F=free, A=archive, TAMS=top-at-mark-start (previous, next)
|   0|0x0000000080000000, 0x0000000080100000, 0x0000000080100000|100%|HS|  |TAMS 0x0000000080100000, 0x0000000080000000| Complete 
|   1|0x0000000080100000, 0x0000000080200000, 0x0000000080200000|100%|HC|  |TAMS 0x0000000080200000, 0x0000000080100000| Complete 
|   2|0x0000000080200000, 0x0000000080300000, 0x0000000080300000|100%|HC|  |TAMS 0x0000000080300000, 0x0000000080200000| Complete 
|   3|0x0000000080300000, 0x0000000080400000, 0x0000000080400000|100%| O|  |TAMS 0x0000000080400000, 0x0000000080300000| Untracked 
|   4|0x0000000080400000, 0x0000000080500000, 0x0000000080500000|100%| O|  |TAMS 0x0000000080500000, 0x0000000080400000| Untracked 
|   5|0x0000000080500000, 0x0000000080600000, 0x0000000080600000|100%| O|  |TAMS 0x0000000080600000, 0x0000000080500000| Untracked 
|   6|0x0000000080600000, 0x0000000080700000, 0x0000000080700000|100%| O|  |TAMS 0x0000000080700000, 0x0000000080600000| Untracked 
|   7|0x0000000080700000, 0x0000000080800000, 0x0000000080800000|100%| O|  |TAMS 0x0000000080800000, 0x0000000080700000| Untracked 
|   8|0x0000000080800000, 0x0000000080900000, 0x0000000080900000|100%| O|  |TAMS 0x0000000080900000, 0x0000000080800000| Untracked 
|   9|0x0000000080900000, 0x0000000080a00000, 0x0000000080a00000|100%| O|  |TAMS 0x0000000080a00000, 0x0000000080900000| Untracked 
|  10|0x0000000080a00000, 0x0000000080b00000, 0x0000000080b00000|100%| O|  |TAMS 0x0000000080b00000, 0x0000000080a00000| Untracked 
|  11|0x0000000080b00000, 0x0000000080c00000, 0x0000000080c00000|100%| O|  |TAMS 0x0000000080c00000, 0x0000000080b00000| Untracked 
|  12|0x0000000080c00000, 0x0000000080d00000, 0x0000000080d00000|100%| O|  |TAMS 0x0000000080d00000, 0x0000000080c00000| Untracked 
|  13|0x0000000080d00000, 0x0000000080e00000, 0x0000000080e00000|100%| O|  |TAMS 0x0000000080e00000, 0x0000000080d00000| Untracked 
|  14|0x0000000080e00000, 0x0000000080f00000, 0x0000000080f00000|100%| O|  |TAMS 0x0000000080f00000, 0x0000000080e00000| Untracked 
|  15|0x0000000080f00000, 0x0000000081000000, 0x0000000081000000|100%| O|  |TAMS 0x0000000081000000, 0x0000000080f00000| Untracked 
|  16|0x0000000081000000, 0x0000000081100000, 0x0000000081100000|100%| O|  |TAMS 0x0000000081100000, 0x0000000081000000| Untracked 
|  17|0x0000000081100000, 0x0000000081200000, 0x0000000081200000|100%| O|  |TAMS 0x0000000081200000, 0x0000000081100000| Untracked 
|  18|0x0000000081200000, 0x0000000081300000, 0x0000000081300000|100%| O|  |TAMS 0x0000000081300000, 0x0000000081200000| Untracked 
|  19|0x0000000081300000, 0x0000000081400000, 0x0000000081400000|100%| O|  |TAMS 0x0000000081400000, 0x0000000081300000| Untracked 
|  20|0x0000000081400000, 0x0000000081500000, 0x0000000081500000|100%| O|  |TAMS 0x0000000081500000, 0x0000000081400000| Untracked 
|  21|0x0000000081500000, 0x0000000081600000, 0x0000000081600000|100%| O|  |TAMS 0x0000000081600000, 0x0000000081500000| Untracked 
|  22|0x0000000081600000, 0x0000000081700000, 0x0000000081700000|100%| O|  |TAMS 0x0000000081700000, 0x0000000081600000| Untracked 
|  23|0x0000000081700000, 0x0000000081800000, 0x0000000081800000|100%| O|  |TAMS 0x0000000081800000, 0x0000000081700000| Untracked 
|  24|0x0000000081800000, 0x0000000081900000, 0x0000000081900000|100%| O|  |TAMS 0x0000000081900000, 0x0000000081800000| Untracked 
|  25|0x0000000081900000, 0x0000000081a00000, 0x0000000081a00000|100%| O|  |TAMS 0x0000000081a00000, 0x0000000081900000| Untracked 
|  26|0x0000000081a00000, 0x0000000081b00000, 0x0000000081b00000|100%| O|  |TAMS 0x0000000081b00000, 0x0000000081a00000| Untracked 
|  27|0x0000000081b00000, 0x0000000081c00000, 0x0000000081c00000|100%| O|  |TAMS 0x0000000081c00000, 0x0000000081b00000| Untracked 
|  28|0x0000000081c00000, 0x0000000081d00000, 0x0000000081d00000|100%|HS|  |TAMS 0x0000000081d00000, 0x0000000081c00000| Complete 
|  29|0x0000000081d00000, 0x0000000081e00000, 0x0000000081e00000|100%|HS|  |TAMS 0x0000000081e00000, 0x0000000081d00000| Complete 
|  30|0x0000000081e00000, 0x0000000081f00000, 0x0000000081f00000|100%| O|  |TAMS 0x0000000081f00000, 0x0000000081e00000| Untracked 
|  31|0x0000000081f00000, 0x0000000082000000, 0x0000000082000000|100%|HS|  |TAMS 0x0000000082000000, 0x0000000081f00000| Complete 
|  32|0x0000000082000000, 0x0000000082100000, 0x0000000082100000|100%|HC|  |TAMS 0x0000000082100000, 0x0000000082000000| Complete 
|  33|0x0000000082100000, 0x0000000082200000, 0x0000000082200000|100%| O|  |TAMS 0x0000000082200000, 0x0000000082100000| Untracked 
|  34|0x0000000082200000, 0x0000000082300000, 0x0000000082300000|100%| O|  |TAMS 0x0000000082300000, 0x0000000082200000| Untracked 
|  35|0x0000000082300000, 0x0000000082400000, 0x0000000082400000|100%| O|  |TAMS 0x0000000082400000, 0x0000000082300000| Untracked 
|  36|0x0000000082400000, 0x0000000082500000, 0x0000000082500000|100%| O|  |TAMS 0x0000000082500000, 0x0000000082400000| Untracked 
|  37|0x0000000082500000, 0x0000000082600000, 0x0000000082600000|100%| O|  |TAMS 0x0000000082600000, 0x0000000082500000| Untracked 
|  38|0x0000000082600000, 0x0000000082700000, 0x0000000082700000|100%| O|  |TAMS 0x0000000082700000, 0x0000000082600000| Untracked 
|  39|0x0000000082700000, 0x0000000082800000, 0x0000000082800000|100%| O|  |TAMS 0x0000000082800000, 0x0000000082700000| Untracked 
|  40|0x0000000082800000, 0x0000000082900000, 0x0000000082900000|100%| O|  |TAMS 0x0000000082900000, 0x0000000082800000| Untracked 
|  41|0x0000000082900000, 0x0000000082a00000, 0x0000000082a00000|100%| O|  |TAMS 0x0000000082a00000, 0x0000000082900000| Untracked 
|  42|0x0000000082a00000, 0x0000000082b00000, 0x0000000082b00000|100%| O|  |TAMS 0x0000000082b00000, 0x0000000082a00000| Untracked 
|  43|0x0000000082b00000, 0x0000000082c00000, 0x0000000082c00000|100%| O|  |TAMS 0x0000000082c00000, 0x0000000082b00000| Untracked 
|  44|0x0000000082c00000, 0x0000000082d00000, 0x0000000082d00000|100%| O|  |TAMS 0x0000000082d00000, 0x0000000082c00000| Untracked 
|  45|0x0000000082d00000, 0x0000000082e00000, 0x0000000082e00000|100%| O|  |TAMS 0x0000000082e00000, 0x0000000082d00000| Untracked 
|  46|0x0000000082e00000, 0x0000000082f00000, 0x0000000082f00000|100%| O|  |TAMS 0x0000000082f00000, 0x0000000082e00000| Untracked 
|  47|0x0000000082f00000, 0x0000000083000000, 0x0000000083000000|100%| O|  |TAMS 0x0000000083000000, 0x0000000082f00000| Untracked 
|  48|0x0000000083000000, 0x0000000083100000, 0x0000000083100000|100%| O|  |TAMS 0x0000000083100000, 0x0000000083000000| Untracked 
|  49|0x0000000083100000, 0x0000000083200000, 0x0000000083200000|100%| O|  |TAMS 0x0000000083200000, 0x0000000083100000| Untracked 
|  50|0x0000000083200000, 0x0000000083300000, 0x0000000083300000|100%| O|  |TAMS 0x0000000083300000, 0x0000000083200000| Untracked 
|  51|0x0000000083300000, 0x0000000083400000, 0x0000000083400000|100%| O|  |TAMS 0x0000000083400000, 0x0000000083300000| Untracked 
|  52|0x0000000083400000, 0x0000000083500000, 0x0000000083500000|100%| O|  |TAMS 0x0000000083500000, 0x0000000083400000| Untracked 
|  53|0x0000000083500000, 0x0000000083600000, 0x0000000083600000|100%| O|  |TAMS 0x0000000083600000, 0x0000000083500000| Untracked 
|  54|0x0000000083600000, 0x0000000083700000, 0x0000000083700000|100%| O|  |TAMS 0x0000000083700000, 0x0000000083600000| Untracked 
|  55|0x0000000083700000, 0x0000000083800000, 0x0000000083800000|100%| O|  |TAMS 0x0000000083800000, 0x0000000083700000| Untracked 
|  56|0x0000000083800000, 0x0000000083900000, 0x0000000083900000|100%| O|  |TAMS 0x0000000083900000, 0x0000000083800000| Untracked 
|  57|0x0000000083900000, 0x0000000083a00000, 0x0000000083a00000|100%| O|  |TAMS 0x0000000083a00000, 0x0000000083900000| Untracked 
|  58|0x0000000083a00000, 0x0000000083b00000, 0x0000000083b00000|100%| O|  |TAMS 0x0000000083b00000, 0x0000000083a00000| Untracked 
|  59|0x0000000083b00000, 0x0000000083c00000, 0x0000000083c00000|100%| O|  |TAMS 0x0000000083c00000, 0x0000000083b00000| Untracked 
|  60|0x0000000083c00000, 0x0000000083d00000, 0x0000000083d00000|100%| O|  |TAMS 0x0000000083d00000, 0x0000000083c00000| Untracked 
|  61|0x0000000083d00000, 0x0000000083e00000, 0x0000000083e00000|100%| O|  |TAMS 0x0000000083e00000, 0x0000000083d00000| Untracked 
|  62|0x0000000083e00000, 0x0000000083f00000, 0x0000000083f00000|100%| O|  |TAMS 0x0000000083f00000, 0x0000000083e00000| Untracked 
|  63|0x0000000083f00000, 0x0000000084000000, 0x0000000084000000|100%| O|  |TAMS 0x0000000084000000, 0x0000000083f00000| Untracked 
|  64|0x0000000084000000, 0x0000000084100000, 0x0000000084100000|100%| O|  |TAMS 0x0000000084100000, 0x0000000084000000| Untracked 
|  65|0x0000000084100000, 0x0000000084200000, 0x0000000084200000|100%| O|  |TAMS 0x0000000084200000, 0x0000000084100000| Untracked 
|  66|0x0000000084200000, 0x0000000084300000, 0x0000000084300000|100%| O|  |TAMS 0x0000000084300000, 0x0000000084200000| Untracked 
|  67|0x0000000084300000, 0x0000000084400000, 0x0000000084400000|100%| O|  |TAMS 0x0000000084400000, 0x0000000084300000| Untracked 
|  68|0x0000000084400000, 0x0000000084500000, 0x0000000084500000|100%| O|  |TAMS 0x0000000084500000, 0x0000000084400000| Untracked 
|  69|0x0000000084500000, 0x0000000084600000, 0x0000000084600000|100%| O|  |TAMS 0x0000000084600000, 0x0000000084500000| Untracked 
|  70|0x0000000084600000, 0x0000000084700000, 0x0000000084700000|100%| O|  |TAMS 0x0000000084700000, 0x0000000084600000| Untracked 
|  71|0x0000000084700000, 0x0000000084800000, 0x0000000084800000|100%| O|  |TAMS 0x0000000084700000, 0x0000000084700000| Untracked 
|  72|0x0000000084800000, 0x0000000084900000, 0x0000000084900000|100%| O|  |TAMS 0x0000000084800000, 0x0000000084800000| Untracked 
|  73|0x0000000084900000, 0x0000000084a00000, 0x0000000084a00000|100%| O|  |TAMS 0x0000000084900000, 0x0000000084900000| Untracked 
|  74|0x0000000084a00000, 0x0000000084b00000, 0x0000000084b00000|100%| O|  |TAMS 0x0000000084a00000, 0x0000000084a00000| Untracked 
|  75|0x0000000084b00000, 0x0000000084c00000, 0x0000000084c00000|100%| O|  |TAMS 0x0000000084b00000, 0x0000000084b00000| Untracked 
|  76|0x0000000084c00000, 0x0000000084d00000, 0x0000000084d00000|100%| O|  |TAMS 0x0000000084c00000, 0x0000000084c00000| Untracked 
|  77|0x0000000084d00000, 0x0000000084e00000, 0x0000000084e00000|100%| O|  |TAMS 0x0000000084d00000, 0x0000000084d00000| Untracked 
|  78|0x0000000084e00000, 0x0000000084f00000, 0x0000000084f00000|100%| O|  |TAMS 0x0000000084f00000, 0x0000000084e00000| Untracked 
|  79|0x0000000084f00000, 0x0000000085000000, 0x0000000085000000|100%| O|  |TAMS 0x0000000085000000, 0x0000000084f00000| Untracked 
|  80|0x0000000085000000, 0x0000000085100000, 0x0000000085100000|100%| O|  |TAMS 0x0000000085100000, 0x0000000085000000| Untracked 
|  81|0x0000000085100000, 0x0000000085200000, 0x0000000085200000|100%| O|  |TAMS 0x0000000085200000, 0x0000000085100000| Untracked 
|  82|0x0000000085200000, 0x0000000085300000, 0x0000000085300000|100%| O|  |TAMS 0x0000000085300000, 0x0000000085200000| Untracked 
|  83|0x0000000085300000, 0x0000000085400000, 0x0000000085400000|100%| O|  |TAMS 0x0000000085300000, 0x0000000085300000| Untracked 
|  84|0x0000000085400000, 0x0000000085500000, 0x0000000085500000|100%| O|  |TAMS 0x0000000085400000, 0x0000000085400000| Untracked 
|  85|0x0000000085500000, 0x0000000085600000, 0x0000000085600000|100%| O|  |TAMS 0x0000000085600000, 0x0000000085500000| Untracked 
|  86|0x0000000085600000, 0x0000000085700000, 0x0000000085700000|100%| O|  |TAMS 0x0000000085700000, 0x0000000085600000| Untracked 
|  87|0x0000000085700000, 0x0000000085800000, 0x0000000085800000|100%| O|  |TAMS 0x0000000085700000, 0x0000000085700000| Untracked 
|  88|0x0000000085800000, 0x000000008588f000, 0x0000000085900000| 55%| O|  |TAMS 0x0000000085800000, 0x0000000085800000| Untracked 
|  89|0x0000000085900000, 0x0000000085a00000, 0x0000000085a00000|100%| O|  |TAMS 0x0000000085a00000, 0x0000000085900000| Untracked 
|  90|0x0000000085a00000, 0x0000000085b00000, 0x0000000085b00000|100%| O|  |TAMS 0x0000000085b00000, 0x0000000085a00000| Untracked 
|  91|0x0000000085b00000, 0x0000000085c00000, 0x0000000085c00000|100%| O|  |TAMS 0x0000000085c00000, 0x0000000085b00000| Untracked 
|  92|0x0000000085c00000, 0x0000000085c00000, 0x0000000085d00000|  0%| F|  |TAMS 0x0000000085c00000, 0x0000000085c00000| Untracked 
|  93|0x0000000085d00000, 0x0000000085d00000, 0x0000000085e00000|  0%| F|  |TAMS 0x0000000085d00000, 0x0000000085d00000| Untracked 
|  94|0x0000000085e00000, 0x0000000085e00000, 0x0000000085f00000|  0%| F|  |TAMS 0x0000000085e00000, 0x0000000085e00000| Untracked 
|  95|0x0000000085f00000, 0x0000000086000000, 0x0000000086000000|100%| O|  |TAMS 0x0000000085ff7000, 0x0000000085f00000| Untracked 
|  96|0x0000000086000000, 0x0000000086000000, 0x0000000086100000|  0%| F|  |TAMS 0x0000000086000000, 0x0000000086000000| Untracked 
|  97|0x0000000086100000, 0x0000000086100000, 0x0000000086200000|  0%| F|  |TAMS 0x0000000086100000, 0x0000000086100000| Untracked 
|  98|0x0000000086200000, 0x0000000086200000, 0x0000000086300000|  0%| F|  |TAMS 0x0000000086200000, 0x0000000086200000| Untracked 
|  99|0x0000000086300000, 0x0000000086300000, 0x0000000086400000|  0%| F|  |TAMS 0x0000000086300000, 0x0000000086300000| Untracked 
| 100|0x0000000086400000, 0x0000000086400000, 0x0000000086500000|  0%| F|  |TAMS 0x0000000086400000, 0x0000000086400000| Untracked 
| 101|0x0000000086500000, 0x0000000086500000, 0x0000000086600000|  0%| F|  |TAMS 0x0000000086500000, 0x0000000086500000| Untracked 
| 102|0x0000000086600000, 0x0000000086600000, 0x0000000086700000|  0%| F|  |TAMS 0x0000000086600000, 0x0000000086600000| Untracked 
| 103|0x0000000086700000, 0x0000000086700000, 0x0000000086800000|  0%| F|  |TAMS 0x0000000086700000, 0x0000000086700000| Untracked 
| 104|0x0000000086800000, 0x0000000086800000, 0x0000000086900000|  0%| F|  |TAMS 0x0000000086800000, 0x0000000086800000| Untracked 
| 105|0x0000000086900000, 0x0000000086900000, 0x0000000086a00000|  0%| F|  |TAMS 0x0000000086900000, 0x0000000086900000| Untracked 
| 106|0x0000000086a00000, 0x0000000086a00000, 0x0000000086b00000|  0%| F|  |TAMS 0x0000000086a00000, 0x0000000086a00000| Untracked 
| 107|0x0000000086b00000, 0x0000000086b00000, 0x0000000086c00000|  0%| F|  |TAMS 0x0000000086b00000, 0x0000000086b00000| Untracked 
| 108|0x0000000086c00000, 0x0000000086d00000, 0x0000000086d00000|100%| O|  |TAMS 0x0000000086d00000, 0x0000000086c00000| Untracked 
| 109|0x0000000086d00000, 0x0000000086d00000, 0x0000000086e00000|  0%| F|  |TAMS 0x0000000086d00000, 0x0000000086d00000| Untracked 
| 110|0x0000000086e00000, 0x0000000086e00000, 0x0000000086f00000|  0%| F|  |TAMS 0x0000000086e00000, 0x0000000086e00000| Untracked 
| 111|0x0000000086f00000, 0x0000000086f00000, 0x0000000087000000|  0%| F|  |TAMS 0x0000000086f00000, 0x0000000086f00000| Untracked 
| 112|0x0000000087000000, 0x0000000087000000, 0x0000000087100000|  0%| F|  |TAMS 0x0000000087000000, 0x0000000087000000| Untracked 
| 113|0x0000000087100000, 0x0000000087100000, 0x0000000087200000|  0%| F|  |TAMS 0x0000000087100000, 0x0000000087100000| Untracked 
| 114|0x0000000087200000, 0x0000000087200000, 0x0000000087300000|  0%| F|  |TAMS 0x0000000087200000, 0x0000000087200000| Untracked 
| 115|0x0000000087300000, 0x0000000087300000, 0x0000000087400000|  0%| F|  |TAMS 0x0000000087300000, 0x0000000087300000| Untracked 
| 116|0x0000000087400000, 0x0000000087400000, 0x0000000087500000|  0%| F|  |TAMS 0x0000000087400000, 0x0000000087400000| Untracked 
| 117|0x0000000087500000, 0x0000000087500000, 0x0000000087600000|  0%| F|  |TAMS 0x0000000087500000, 0x0000000087500000| Untracked 
| 118|0x0000000087600000, 0x0000000087600000, 0x0000000087700000|  0%| F|  |TAMS 0x0000000087600000, 0x0000000087600000| Untracked 
| 119|0x0000000087700000, 0x0000000087700000, 0x0000000087800000|  0%| F|  |TAMS 0x0000000087700000, 0x0000000087700000| Untracked 
| 120|0x0000000087800000, 0x0000000087800000, 0x0000000087900000|  0%| F|  |TAMS 0x0000000087800000, 0x0000000087800000| Untracked 
| 121|0x0000000087900000, 0x0000000087900000, 0x0000000087a00000|  0%| F|  |TAMS 0x0000000087900000, 0x0000000087900000| Untracked 
| 122|0x0000000087a00000, 0x0000000087a00000, 0x0000000087b00000|  0%| F|  |TAMS 0x0000000087a00000, 0x0000000087a00000| Untracked 
| 123|0x0000000087b00000, 0x0000000087b00000, 0x0000000087c00000|  0%| F|  |TAMS 0x0000000087b00000, 0x0000000087b00000| Untracked 
| 124|0x0000000087c00000, 0x0000000087c00000, 0x0000000087d00000|  0%| F|  |TAMS 0x0000000087c00000, 0x0000000087c00000| Untracked 
| 125|0x0000000087d00000, 0x0000000087d00000, 0x0000000087e00000|  0%| F|  |TAMS 0x0000000087d00000, 0x0000000087d00000| Untracked 
| 126|0x0000000087e00000, 0x0000000087e00000, 0x0000000087f00000|  0%| F|  |TAMS 0x0000000087e00000, 0x0000000087e00000| Untracked 
| 127|0x0000000087f00000, 0x0000000087f00000, 0x0000000088000000|  0%| F|  |TAMS 0x0000000087f00000, 0x0000000087f00000| Untracked 
| 128|0x0000000088000000, 0x0000000088000000, 0x0000000088100000|  0%| F|  |TAMS 0x0000000088000000, 0x0000000088000000| Untracked 
| 129|0x0000000088100000, 0x0000000088100000, 0x0000000088200000|  0%| F|  |TAMS 0x0000000088100000, 0x0000000088100000| Untracked 
| 130|0x0000000088200000, 0x0000000088200000, 0x0000000088300000|  0%| F|  |TAMS 0x0000000088200000, 0x0000000088200000| Untracked 
| 131|0x0000000088300000, 0x0000000088300000, 0x0000000088400000|  0%| F|  |TAMS 0x0000000088300000, 0x0000000088300000| Untracked 
| 132|0x0000000088400000, 0x00000000884dabb0, 0x0000000088500000| 85%| S|CS|TAMS 0x0000000088400000, 0x0000000088400000| Complete 
| 133|0x0000000088500000, 0x0000000088500000, 0x0000000088600000|  0%| F|  |TAMS 0x0000000088500000, 0x0000000088500000| Untracked 
| 134|0x0000000088600000, 0x0000000088600000, 0x0000000088700000|  0%| F|  |TAMS 0x0000000088600000, 0x0000000088600000| Untracked 
| 135|0x0000000088700000, 0x0000000088700000, 0x0000000088800000|  0%| F|  |TAMS 0x0000000088700000, 0x0000000088700000| Untracked 
| 136|0x0000000088800000, 0x0000000088800000, 0x0000000088900000|  0%| F|  |TAMS 0x0000000088800000, 0x0000000088800000| Untracked 
| 137|0x0000000088900000, 0x0000000088900000, 0x0000000088a00000|  0%| F|  |TAMS 0x0000000088900000, 0x0000000088900000| Untracked 
| 138|0x0000000088a00000, 0x0000000088a00000, 0x0000000088b00000|  0%| F|  |TAMS 0x0000000088a00000, 0x0000000088a00000| Untracked 
| 139|0x0000000088b00000, 0x0000000088b00000, 0x0000000088c00000|  0%| F|  |TAMS 0x0000000088b00000, 0x0000000088b00000| Untracked 
| 140|0x0000000088c00000, 0x0000000088c00000, 0x0000000088d00000|  0%| F|  |TAMS 0x0000000088c00000, 0x0000000088c00000| Untracked 
| 141|0x0000000088d00000, 0x0000000088e00000, 0x0000000088e00000|100%| S|CS|TAMS 0x0000000088d00000, 0x0000000088d00000| Complete 
| 142|0x0000000088e00000, 0x0000000088f00000, 0x0000000088f00000|100%| S|CS|TAMS 0x0000000088e00000, 0x0000000088e00000| Complete 
| 143|0x0000000088f00000, 0x0000000088f00000, 0x0000000089000000|  0%| F|  |TAMS 0x0000000088f00000, 0x0000000088f00000| Untracked 
| 144|0x0000000089000000, 0x0000000089000000, 0x0000000089100000|  0%| F|  |TAMS 0x0000000089000000, 0x0000000089000000| Untracked 
| 145|0x0000000089100000, 0x0000000089100000, 0x0000000089200000|  0%| F|  |TAMS 0x0000000089100000, 0x0000000089100000| Untracked 
| 146|0x0000000089200000, 0x0000000089200000, 0x0000000089300000|  0%| F|  |TAMS 0x0000000089200000, 0x0000000089200000| Untracked 
| 147|0x0000000089300000, 0x0000000089300000, 0x0000000089400000|  0%| F|  |TAMS 0x0000000089300000, 0x0000000089300000| Untracked 
| 148|0x0000000089400000, 0x0000000089400000, 0x0000000089500000|  0%| F|  |TAMS 0x0000000089400000, 0x0000000089400000| Untracked 
| 149|0x0000000089500000, 0x0000000089500000, 0x0000000089600000|  0%| F|  |TAMS 0x0000000089500000, 0x0000000089500000| Untracked 
| 150|0x0000000089600000, 0x0000000089600000, 0x0000000089700000|  0%| F|  |TAMS 0x0000000089600000, 0x0000000089600000| Untracked 
| 151|0x0000000089700000, 0x0000000089700000, 0x0000000089800000|  0%| F|  |TAMS 0x0000000089700000, 0x0000000089700000| Untracked 
| 152|0x0000000089800000, 0x0000000089800000, 0x0000000089900000|  0%| F|  |TAMS 0x0000000089800000, 0x0000000089800000| Untracked 
| 153|0x0000000089900000, 0x0000000089900000, 0x0000000089a00000|  0%| F|  |TAMS 0x0000000089900000, 0x0000000089900000| Untracked 
| 154|0x0000000089a00000, 0x0000000089a00000, 0x0000000089b00000|  0%| F|  |TAMS 0x0000000089a00000, 0x0000000089a00000| Untracked 
| 155|0x0000000089b00000, 0x0000000089b00000, 0x0000000089c00000|  0%| F|  |TAMS 0x0000000089b00000, 0x0000000089b00000| Untracked 
| 156|0x0000000089c00000, 0x0000000089c00000, 0x0000000089d00000|  0%| F|  |TAMS 0x0000000089c00000, 0x0000000089c00000| Untracked 
| 157|0x0000000089d00000, 0x0000000089d00000, 0x0000000089e00000|  0%| F|  |TAMS 0x0000000089d00000, 0x0000000089d00000| Untracked 
| 158|0x0000000089e00000, 0x0000000089e00000, 0x0000000089f00000|  0%| F|  |TAMS 0x0000000089e00000, 0x0000000089e00000| Untracked 
| 159|0x0000000089f00000, 0x0000000089f00000, 0x000000008a000000|  0%| F|  |TAMS 0x0000000089f00000, 0x0000000089f00000| Untracked 
| 160|0x000000008a000000, 0x000000008a000000, 0x000000008a100000|  0%| F|  |TAMS 0x000000008a000000, 0x000000008a000000| Untracked 
| 161|0x000000008a100000, 0x000000008a100000, 0x000000008a200000|  0%| F|  |TAMS 0x000000008a100000, 0x000000008a100000| Untracked 
| 162|0x000000008a200000, 0x000000008a200000, 0x000000008a300000|  0%| F|  |TAMS 0x000000008a200000, 0x000000008a200000| Untracked 
| 163|0x000000008a300000, 0x000000008a300000, 0x000000008a400000|  0%| F|  |TAMS 0x000000008a300000, 0x000000008a300000| Untracked 
| 164|0x000000008a400000, 0x000000008a400000, 0x000000008a500000|  0%| F|  |TAMS 0x000000008a400000, 0x000000008a400000| Untracked 
| 165|0x000000008a500000, 0x000000008a500000, 0x000000008a600000|  0%| F|  |TAMS 0x000000008a500000, 0x000000008a500000| Untracked 
| 166|0x000000008a600000, 0x000000008a600000, 0x000000008a700000|  0%| F|  |TAMS 0x000000008a600000, 0x000000008a600000| Untracked 
| 167|0x000000008a700000, 0x000000008a700000, 0x000000008a800000|  0%| F|  |TAMS 0x000000008a700000, 0x000000008a700000| Untracked 
| 168|0x000000008a800000, 0x000000008a800000, 0x000000008a900000|  0%| F|  |TAMS 0x000000008a800000, 0x000000008a800000| Untracked 
| 169|0x000000008a900000, 0x000000008a900000, 0x000000008aa00000|  0%| F|  |TAMS 0x000000008a900000, 0x000000008a900000| Untracked 
| 170|0x000000008aa00000, 0x000000008aa00000, 0x000000008ab00000|  0%| F|  |TAMS 0x000000008aa00000, 0x000000008aa00000| Untracked 
| 171|0x000000008ab00000, 0x000000008ab00000, 0x000000008ac00000|  0%| F|  |TAMS 0x000000008ab00000, 0x000000008ab00000| Untracked 
| 172|0x000000008ac00000, 0x000000008ac00000, 0x000000008ad00000|  0%| F|  |TAMS 0x000000008ac00000, 0x000000008ac00000| Untracked 
| 173|0x000000008ad00000, 0x000000008ad00000, 0x000000008ae00000|  0%| F|  |TAMS 0x000000008ad00000, 0x000000008ad00000| Untracked 
| 174|0x000000008ae00000, 0x000000008ae00000, 0x000000008af00000|  0%| F|  |TAMS 0x000000008ae00000, 0x000000008ae00000| Untracked 
| 175|0x000000008af00000, 0x000000008af00000, 0x000000008b000000|  0%| F|  |TAMS 0x000000008af00000, 0x000000008af00000| Untracked 
| 176|0x000000008b000000, 0x000000008b000000, 0x000000008b100000|  0%| F|  |TAMS 0x000000008b000000, 0x000000008b000000| Untracked 
| 177|0x000000008b100000, 0x000000008b100000, 0x000000008b200000|  0%| F|  |TAMS 0x000000008b100000, 0x000000008b100000| Untracked 
| 178|0x000000008b200000, 0x000000008b200000, 0x000000008b300000|  0%| F|  |TAMS 0x000000008b200000, 0x000000008b200000| Untracked 
| 179|0x000000008b300000, 0x000000008b300000, 0x000000008b400000|  0%| F|  |TAMS 0x000000008b300000, 0x000000008b300000| Untracked 
| 180|0x000000008b400000, 0x000000008b400000, 0x000000008b500000|  0%| F|  |TAMS 0x000000008b400000, 0x000000008b400000| Untracked 
| 181|0x000000008b500000, 0x000000008b500000, 0x000000008b600000|  0%| F|  |TAMS 0x000000008b500000, 0x000000008b500000| Untracked 
| 182|0x000000008b600000, 0x000000008b600000, 0x000000008b700000|  0%| F|  |TAMS 0x000000008b600000, 0x000000008b600000| Untracked 
| 183|0x000000008b700000, 0x000000008b700000, 0x000000008b800000|  0%| F|  |TAMS 0x000000008b700000, 0x000000008b700000| Untracked 
| 184|0x000000008b800000, 0x000000008b800000, 0x000000008b900000|  0%| F|  |TAMS 0x000000008b800000, 0x000000008b800000| Untracked 
| 185|0x000000008b900000, 0x000000008b900000, 0x000000008ba00000|  0%| F|  |TAMS 0x000000008b900000, 0x000000008b900000| Untracked 
| 186|0x000000008ba00000, 0x000000008ba00000, 0x000000008bb00000|  0%| F|  |TAMS 0x000000008ba00000, 0x000000008ba00000| Untracked 
| 187|0x000000008bb00000, 0x000000008bb00000, 0x000000008bc00000|  0%| F|  |TAMS 0x000000008bb00000, 0x000000008bb00000| Untracked 
| 188|0x000000008bc00000, 0x000000008bc00000, 0x000000008bd00000|  0%| F|  |TAMS 0x000000008bc00000, 0x000000008bc00000| Untracked 
| 189|0x000000008bd00000, 0x000000008bd00000, 0x000000008be00000|  0%| F|  |TAMS 0x000000008bd00000, 0x000000008bd00000| Untracked 
| 190|0x000000008be00000, 0x000000008be00000, 0x000000008bf00000|  0%| F|  |TAMS 0x000000008be00000, 0x000000008be00000| Untracked 
| 191|0x000000008bf00000, 0x000000008bf00000, 0x000000008c000000|  0%| F|  |TAMS 0x000000008bf00000, 0x000000008bf00000| Untracked 
| 192|0x000000008c000000, 0x000000008c000000, 0x000000008c100000|  0%| F|  |TAMS 0x000000008c000000, 0x000000008c000000| Untracked 
| 193|0x000000008c100000, 0x000000008c100000, 0x000000008c200000|  0%| F|  |TAMS 0x000000008c100000, 0x000000008c100000| Untracked 
| 194|0x000000008c200000, 0x000000008c200000, 0x000000008c300000|  0%| F|  |TAMS 0x000000008c200000, 0x000000008c200000| Untracked 
| 195|0x000000008c300000, 0x000000008c300000, 0x000000008c400000|  0%| F|  |TAMS 0x000000008c300000, 0x000000008c300000| Untracked 
| 196|0x000000008c400000, 0x000000008c400000, 0x000000008c500000|  0%| F|  |TAMS 0x000000008c400000, 0x000000008c400000| Untracked 
| 197|0x000000008c500000, 0x000000008c500000, 0x000000008c600000|  0%| F|  |TAMS 0x000000008c500000, 0x000000008c500000| Untracked 
| 198|0x000000008c600000, 0x000000008c600000, 0x000000008c700000|  0%| F|  |TAMS 0x000000008c600000, 0x000000008c600000| Untracked 
| 199|0x000000008c700000, 0x000000008c700000, 0x000000008c800000|  0%| F|  |TAMS 0x000000008c700000, 0x000000008c700000| Untracked 
| 200|0x000000008c800000, 0x000000008c800000, 0x000000008c900000|  0%| F|  |TAMS 0x000000008c800000, 0x000000008c800000| Untracked 
| 201|0x000000008c900000, 0x000000008c900000, 0x000000008ca00000|  0%| F|  |TAMS 0x000000008c900000, 0x000000008c900000| Untracked 
| 202|0x000000008ca00000, 0x000000008ca00000, 0x000000008cb00000|  0%| F|  |TAMS 0x000000008ca00000, 0x000000008ca00000| Untracked 
| 203|0x000000008cb00000, 0x000000008cb00000, 0x000000008cc00000|  0%| F|  |TAMS 0x000000008cb00000, 0x000000008cb00000| Untracked 
| 204|0x000000008cc00000, 0x000000008cc00000, 0x000000008cd00000|  0%| F|  |TAMS 0x000000008cc00000, 0x000000008cc00000| Untracked 

Card table byte_map: [0x000002655be60000,0x000002655c260000] _byte_map_base: 0x000002655ba60000

Marking Bits (Prev, Next): (CMBitMap*) 0x0000026548f80240, (CMBitMap*) 0x0000026548f80208
 Prev Bits: [0x000002655e660000, 0x0000026560660000)
 Next Bits: [0x000002655c660000, 0x000002655e660000)

Polling page: 0x0000026546f00000

Metaspace:

Usage:
  Non-class:     90.26 MB capacity,    88.78 MB ( 98%) used,     1.20 MB (  1%) free+waste,   288.88 KB ( <1%) overhead. 
      Class:     13.18 MB capacity,    12.34 MB ( 94%) used,   737.72 KB (  5%) free+waste,   124.94 KB ( <1%) overhead. 
       Both:    103.44 MB capacity,   101.11 MB ( 98%) used,     1.92 MB (  2%) free+waste,   413.81 KB ( <1%) overhead. 

Virtual space:
  Non-class space:       92.00 MB reserved,      90.34 MB ( 98%) committed 
      Class space:        1.00 GB reserved,      13.25 MB (  1%) committed 
             Both:        1.09 GB reserved,     103.59 MB (  9%) committed 

Chunk freelists:
   Non-Class:  16.00 KB
       Class:  0 bytes
        Both:  16.00 KB

MaxMetaspaceSize: 17179869184.00 GB
CompressedClassSpaceSize: 1.00 GB
Initial GC threshold: 20.80 MB
Current GC threshold: 155.15 MB
CDS: off

CodeHeap 'non-profiled nmethods': size=120064Kb used=8795Kb max_used=8795Kb free=111268Kb
 bounds [0x0000026554520000, 0x0000026554dc0000, 0x000002655ba60000]
CodeHeap 'profiled nmethods': size=120000Kb used=32847Kb max_used=32854Kb free=87152Kb
 bounds [0x000002654cff0000, 0x000002654f010000, 0x0000026554520000]
CodeHeap 'non-nmethods': size=5696Kb used=2391Kb max_used=2439Kb free=3304Kb
 bounds [0x000002654ca60000, 0x000002654ccd0000, 0x000002654cff0000]
 total_blobs=15511 nmethods=14598 adapters=824
 compilation: enabled
              stopped_count=0, restarted_count=0
 full_count=0

Compilation events (20 events):
Event: 226.470 Thread 0x0000026562b5e000 14917       3       org.gradle.internal.Either::<init> (5 bytes)
Event: 226.472 Thread 0x0000026562b5e000 nmethod 14917 0x000002654cff7910 code [0x000002654cff7ac0, 0x000002654cff7c18]
Event: 226.480 Thread 0x0000026562b5e000 14918       3       org.gradle.internal.classpath.DefaultCachedClasspathTransformer$$Lambda$339/0x00000001004e9c40::apply (17 bytes)
Event: 226.509 Thread 0x0000026562b5e000 nmethod 14918 0x000002654d234a90 code [0x000002654d234c60, 0x000002654d234ee8]
Event: 226.509 Thread 0x0000026562b5e000 14919       3       org.gradle.internal.classpath.DefaultCachedClasspathTransformer::lambda$transformFiles$1 (8 bytes)
Event: 226.510 Thread 0x0000026562b5e000 nmethod 14919 0x000002654cff0d90 code [0x000002654cff0f40, 0x000002654cff1068]
Event: 226.510 Thread 0x0000026562b5e000 14920       3       org.gradle.internal.classpath.DefaultCachedClasspathTransformer::cachedFile (81 bytes)
Event: 226.525 Thread 0x0000026562b59000 14921       4       java.lang.String::equalsIgnoreCase (45 bytes)
Event: 226.596 Thread 0x0000026562b59000 nmethod 14921 0x0000026554db5f10 code [0x0000026554db60e0, 0x0000026554db67f8]
Event: 226.597 Thread 0x0000026562b5e000 nmethod 14920 0x000002654d231a90 code [0x000002654d231ee0, 0x000002654d233fa8]
Event: 226.597 Thread 0x0000026562b5e000 14922       3       java.util.concurrent.AbstractExecutorService::newTaskFor (9 bytes)
Event: 226.602 Thread 0x0000026562b5e000 nmethod 14922 0x000002654d231410 code [0x000002654d2315e0, 0x000002654d231968]
Event: 226.677 Thread 0x0000026562b5e000 14923       3       org.gradle.internal.classpath.DefaultCachedClasspathTransformer$$Lambda$372/0x0000000100502840::call (16 bytes)
Event: 226.706 Thread 0x0000026562b5e000 nmethod 14923 0x000002654d230c10 code [0x000002654d230e00, 0x000002654d231228]
Event: 226.706 Thread 0x0000026562b5e000 14924       3       org.gradle.internal.classpath.DefaultCachedClasspathTransformer::lambda$transformAll$9 (14 bytes)
Event: 226.706 Thread 0x0000026562b5e000 nmethod 14924 0x000002654d230410 code [0x000002654d230600, 0x000002654d230988]
Event: 226.706 Thread 0x0000026562b5e000 14925       3       org.gradle.internal.classpath.DefaultCachedClasspathTransformer$$Lambda$368/0x0000000100501440::call (20 bytes)
Event: 226.716 Thread 0x0000026562b5e000 nmethod 14925 0x000002654dbdb210 code [0x000002654dbdb420, 0x000002654dbdb8f8]
Event: 226.800 Thread 0x0000026562b5e000 14926       3       java.util.concurrent.FutureTask::isDone (13 bytes)
Event: 226.800 Thread 0x0000026562b5e000 nmethod 14926 0x000002654d000510 code [0x000002654d0006c0, 0x000002654d000818]

GC Heap History (20 events):
Event: 18.701 GC heap after
{Heap after GC invocations=28 (full 0):
 garbage-first heap   total 159744K, used 66677K [0x0000000080000000, 0x0000000100000000)
  region size 1024K, 8 young (8192K), 8 survivors (8192K)
 Metaspace       used 83773K, capacity 85703K, committed 85980K, reserved 1124352K
  class space    used 10798K, capacity 11523K, committed 11648K, reserved 1048576K
}
Event: 20.203 GC heap before
{Heap before GC invocations=28 (full 0):
 garbage-first heap   total 159744K, used 120949K [0x0000000080000000, 0x0000000100000000)
  region size 1024K, 62 young (63488K), 8 survivors (8192K)
 Metaspace       used 85021K, capacity 87083K, committed 87388K, reserved 1124352K
  class space    used 10921K, capacity 11687K, committed 11776K, reserved 1048576K
}
Event: 20.224 GC heap after
{Heap after GC invocations=29 (full 0):
 garbage-first heap   total 159744K, used 71620K [0x0000000080000000, 0x0000000100000000)
  region size 1024K, 5 young (5120K), 5 survivors (5120K)
 Metaspace       used 85021K, capacity 87083K, committed 87388K, reserved 1124352K
  class space    used 10921K, capacity 11687K, committed 11776K, reserved 1048576K
}
Event: 21.349 GC heap before
{Heap before GC invocations=29 (full 0):
 garbage-first heap   total 159744K, used 125892K [0x0000000080000000, 0x0000000100000000)
  region size 1024K, 55 young (56320K), 5 survivors (5120K)
 Metaspace       used 87101K, capacity 89116K, committed 89436K, reserved 1126400K
  class space    used 11164K, capacity 11963K, committed 12032K, reserved 1048576K
}
Event: 21.419 GC heap after
{Heap after GC invocations=30 (full 0):
 garbage-first heap   total 159744K, used 90044K [0x0000000080000000, 0x0000000100000000)
  region size 1024K, 8 young (8192K), 8 survivors (8192K)
 Metaspace       used 87101K, capacity 89116K, committed 89436K, reserved 1126400K
  class space    used 11164K, capacity 11963K, committed 12032K, reserved 1048576K
}
Event: 21.954 GC heap before
{Heap before GC invocations=31 (full 0):
 garbage-first heap   total 159744K, used 127932K [0x0000000080000000, 0x0000000100000000)
  region size 1024K, 41 young (41984K), 8 survivors (8192K)
 Metaspace       used 87205K, capacity 89321K, committed 89436K, reserved 1126400K
  class space    used 11172K, capacity 11965K, committed 12032K, reserved 1048576K
}
Event: 21.979 GC heap after
{Heap after GC invocations=32 (full 0):
 garbage-first heap   total 209920K, used 95744K [0x0000000080000000, 0x0000000100000000)
  region size 1024K, 6 young (6144K), 6 survivors (6144K)
 Metaspace       used 87205K, capacity 89321K, committed 89436K, reserved 1126400K
  class space    used 11172K, capacity 11965K, committed 12032K, reserved 1048576K
}
Event: 23.993 GC heap before
{Heap before GC invocations=33 (full 0):
 garbage-first heap   total 209920K, used 162304K [0x0000000080000000, 0x0000000100000000)
  region size 1024K, 57 young (58368K), 6 survivors (6144K)
 Metaspace       used 90611K, capacity 92743K, committed 93020K, reserved 1130496K
  class space    used 11450K, capacity 12261K, committed 12288K, reserved 1048576K
}
Event: 24.020 GC heap after
{Heap after GC invocations=34 (full 0):
 garbage-first heap   total 209920K, used 102922K [0x0000000080000000, 0x0000000100000000)
  region size 1024K, 7 young (7168K), 7 survivors (7168K)
 Metaspace       used 90611K, capacity 92743K, committed 93020K, reserved 1130496K
  class space    used 11450K, capacity 12261K, committed 12288K, reserved 1048576K
}
Event: 26.018 GC heap before
{Heap before GC invocations=34 (full 0):
 garbage-first heap   total 209920K, used 153098K [0x0000000080000000, 0x0000000100000000)
  region size 1024K, 57 young (58368K), 7 survivors (7168K)
 Metaspace       used 92993K, capacity 95058K, committed 95324K, reserved 1132544K
  class space    used 11622K, capacity 12422K, committed 12544K, reserved 1048576K
}
Event: 26.070 GC heap after
{Heap after GC invocations=35 (full 0):
 garbage-first heap   total 209920K, used 108804K [0x0000000080000000, 0x0000000100000000)
  region size 1024K, 7 young (7168K), 7 survivors (7168K)
 Metaspace       used 92993K, capacity 95058K, committed 95324K, reserved 1132544K
  class space    used 11622K, capacity 12422K, committed 12544K, reserved 1048576K
}
Event: 27.224 GC heap before
{Heap before GC invocations=36 (full 0):
 garbage-first heap   total 209920K, used 147716K [0x0000000080000000, 0x0000000100000000)
  region size 1024K, 56 young (57344K), 7 survivors (7168K)
 Metaspace       used 93386K, capacity 95522K, committed 95836K, reserved 1132544K
  class space    used 11638K, capacity 12430K, committed 12544K, reserved 1048576K
}
Event: 27.241 GC heap after
{Heap after GC invocations=37 (full 0):
 garbage-first heap   total 209920K, used 98452K [0x0000000080000000, 0x0000000100000000)
  region size 1024K, 4 young (4096K), 4 survivors (4096K)
 Metaspace       used 93386K, capacity 95522K, committed 95836K, reserved 1132544K
  class space    used 11638K, capacity 12430K, committed 12544K, reserved 1048576K
}
Event: 27.321 GC heap before
{Heap before GC invocations=37 (full 0):
 garbage-first heap   total 209920K, used 103572K [0x0000000080000000, 0x0000000100000000)
  region size 1024K, 10 young (10240K), 4 survivors (4096K)
 Metaspace       used 93387K, capacity 95522K, committed 95836K, reserved 1132544K
  class space    used 11638K, capacity 12430K, committed 12544K, reserved 1048576K
}
Event: 27.330 GC heap after
{Heap after GC invocations=38 (full 0):
 garbage-first heap   total 209920K, used 91617K [0x0000000080000000, 0x0000000100000000)
  region size 1024K, 1 young (1024K), 1 survivors (1024K)
 Metaspace       used 93387K, capacity 95522K, committed 95836K, reserved 1132544K
  class space    used 11638K, capacity 12430K, committed 12544K, reserved 1048576K
}
Event: 29.818 GC heap before
{Heap before GC invocations=38 (full 0):
 garbage-first heap   total 209920K, used 151009K [0x0000000080000000, 0x0000000100000000)
  region size 1024K, 60 young (61440K), 1 survivors (1024K)
 Metaspace       used 97169K, capacity 99402K, committed 99548K, reserved 1136640K
  class space    used 12121K, capacity 12923K, committed 12928K, reserved 1048576K
}
Event: 29.829 GC heap after
{Heap after GC invocations=39 (full 0):
 garbage-first heap   total 209920K, used 93097K [0x0000000080000000, 0x0000000100000000)
  region size 1024K, 3 young (3072K), 3 survivors (3072K)
 Metaspace       used 97169K, capacity 99402K, committed 99548K, reserved 1136640K
  class space    used 12121K, capacity 12923K, committed 12928K, reserved 1048576K
}
Event: 45.292 GC heap before
{Heap before GC invocations=39 (full 0):
 garbage-first heap   total 209920K, used 154537K [0x0000000080000000, 0x0000000100000000)
  region size 1024K, 64 young (65536K), 3 survivors (3072K)
 Metaspace       used 102760K, capacity 105095K, committed 105308K, reserved 1140736K
  class space    used 12600K, capacity 13446K, committed 13568K, reserved 1048576K
}
Event: 45.348 GC heap after
{Heap after GC invocations=40 (full 0):
 garbage-first heap   total 209920K, used 98225K [0x0000000080000000, 0x0000000100000000)
  region size 1024K, 8 young (8192K), 8 survivors (8192K)
 Metaspace       used 102760K, capacity 105095K, committed 105308K, reserved 1140736K
  class space    used 12600K, capacity 13446K, committed 13568K, reserved 1048576K
}
Event: 226.864 GC heap before
{Heap before GC invocations=40 (full 0):
 garbage-first heap   total 209920K, used 160689K [0x0000000080000000, 0x0000000100000000)
  region size 1024K, 70 young (71680K), 8 survivors (8192K)
 Metaspace       used 103541K, capacity 105924K, committed 106076K, reserved 1142784K
  class space    used 12633K, capacity 13496K, committed 13568K, reserved 1048576K
}

Deoptimization events (20 events):
Event: 225.247 Thread 0x0000026569da4800 Uncommon trap: trap_request=0xffffff4d fr.pc=0x00000265549fa4fc relative=0x00000000000016fc
Event: 225.247 Thread 0x0000026567acd000 Uncommon trap: trap_request=0xffffff4d fr.pc=0x0000026554d9a814 relative=0x0000000000001434
Event: 225.248 Thread 0x00000265657c3000 Uncommon trap: trap_request=0xffffff4d fr.pc=0x0000026554d9a704 relative=0x0000000000001324
Event: 225.254 Thread 0x00000265642a2000 Uncommon trap: trap_request=0xffffff4d fr.pc=0x00000265549fa4fc relative=0x00000000000016fc
Event: 225.260 Thread 0x00000265642a2000 Uncommon trap: reason=unstable_if action=reinterpret pc=0x00000265549fa4fc method=java.util.concurrent.ConcurrentHashMap.putVal(Ljava/lang/Object;Ljava/lang/Object;Z)Ljava/lang/Object; @ 112 c2
Event: 225.260 Thread 0x0000026567acd000 Uncommon trap: reason=unstable_if action=reinterpret pc=0x0000026554d9a814 method=java.util.concurrent.ConcurrentHashMap.transfer([Ljava/util/concurrent/ConcurrentHashMap$Node;[Ljava/util/concurrent/ConcurrentHashMap$Node;)V @ 273 c2
Event: 225.261 Thread 0x00000265642a2000 DEOPT PACKING pc=0x00000265549fa4fc sp=0x0000006647dfde30
Event: 225.261 Thread 0x0000026569da4800 Uncommon trap: reason=unstable_if action=reinterpret pc=0x00000265549fa4fc method=java.util.concurrent.ConcurrentHashMap.putVal(Ljava/lang/Object;Ljava/lang/Object;Z)Ljava/lang/Object; @ 112 c2
Event: 225.261 Thread 0x0000026569da4800 DEOPT PACKING pc=0x00000265549fa4fc sp=0x00000066498fddb0
Event: 225.261 Thread 0x00000265657c3000 Uncommon trap: reason=unstable_if action=reinterpret pc=0x0000026554d9a704 method=java.util.concurrent.ConcurrentHashMap.transfer([Ljava/util/concurrent/ConcurrentHashMap$Node;[Ljava/util/concurrent/ConcurrentHashMap$Node;)V @ 34 c2
Event: 225.264 Thread 0x0000026567acd000 DEOPT PACKING pc=0x0000026554d9a814 sp=0x0000006646efd950
Event: 225.265 Thread 0x0000026569da4800 DEOPT UNPACKING pc=0x000002654caaa1af sp=0x00000066498fdd50 mode 2
Event: 225.265 Thread 0x00000265657c3000 DEOPT PACKING pc=0x0000026554d9a704 sp=0x00000066493fe040
Event: 225.268 Thread 0x00000265657c3000 DEOPT UNPACKING pc=0x000002654caaa1af sp=0x00000066493fdff8 mode 2
Event: 225.268 Thread 0x0000026567acd000 DEOPT UNPACKING pc=0x000002654caaa1af sp=0x0000006646efd900 mode 2
Event: 225.268 Thread 0x00000265642a2000 DEOPT UNPACKING pc=0x000002654caaa1af sp=0x0000006647dfddd0 mode 2
Event: 225.334 Thread 0x00000265642a4800 Uncommon trap: trap_request=0xffffffde fr.pc=0x0000026554aa7acc relative=0x000000000000028c
Event: 225.334 Thread 0x00000265642a4800 Uncommon trap: reason=class_check action=maybe_recompile pc=0x0000026554aa7acc method=java.util.concurrent.ConcurrentHashMap.get(Ljava/lang/Object;)Ljava/lang/Object; @ 93 c2
Event: 225.334 Thread 0x00000265642a4800 DEOPT PACKING pc=0x0000026554aa7acc sp=0x00000066479fe890
Event: 225.334 Thread 0x00000265642a4800 DEOPT UNPACKING pc=0x000002654caaa1af sp=0x00000066479fe7e8 mode 2

Classes redefined (0 events):
No events

Internal exceptions (20 events):
Event: 46.151 Thread 0x0000026563f8f000 Exception <a 'sun/nio/fs/WindowsException'{0x000000008c9e9df0}> (0x000000008c9e9df0) thrown at [./src/hotspot/share/prims/jni.cpp, line 616]
Event: 46.151 Thread 0x0000026563f8f000 Exception <a 'sun/nio/fs/WindowsException'{0x000000008c9eb1b8}> (0x000000008c9eb1b8) thrown at [./src/hotspot/share/prims/jni.cpp, line 616]
Event: 46.151 Thread 0x0000026563f8f000 Exception <a 'sun/nio/fs/WindowsException'{0x000000008c9ec580}> (0x000000008c9ec580) thrown at [./src/hotspot/share/prims/jni.cpp, line 616]
Event: 46.570 Thread 0x0000026563f8f000 Exception <a 'sun/nio/fs/WindowsException'{0x000000008c448f00}> (0x000000008c448f00) thrown at [./src/hotspot/share/prims/jni.cpp, line 616]
Event: 47.324 Thread 0x0000026567ac6000 Exception <a 'sun/nio/fs/WindowsException'{0x000000008b40aa18}> (0x000000008b40aa18) thrown at [./src/hotspot/share/prims/jni.cpp, line 616]
Event: 47.324 Thread 0x0000026567ac6000 Exception <a 'sun/nio/fs/WindowsException'{0x000000008b40be88}> (0x000000008b40be88) thrown at [./src/hotspot/share/prims/jni.cpp, line 616]
Event: 47.324 Thread 0x0000026567ac6000 Exception <a 'sun/nio/fs/WindowsException'{0x000000008b40c1d8}> (0x000000008b40c1d8) thrown at [./src/hotspot/share/prims/jni.cpp, line 616]
Event: 47.325 Thread 0x0000026567ac6000 Exception <a 'sun/nio/fs/WindowsException'{0x000000008b40d300}> (0x000000008b40d300) thrown at [./src/hotspot/share/prims/jni.cpp, line 616]
Event: 47.325 Thread 0x0000026567ac6000 Exception <a 'sun/nio/fs/WindowsException'{0x000000008b40d608}> (0x000000008b40d608) thrown at [./src/hotspot/share/prims/jni.cpp, line 616]
Event: 47.325 Thread 0x0000026567ac6000 Exception <a 'sun/nio/fs/WindowsException'{0x000000008b40e748}> (0x000000008b40e748) thrown at [./src/hotspot/share/prims/jni.cpp, line 616]
Event: 47.325 Thread 0x0000026567ac6000 Exception <a 'sun/nio/fs/WindowsException'{0x000000008b40e9f0}> (0x000000008b40e9f0) thrown at [./src/hotspot/share/prims/jni.cpp, line 616]
Event: 47.325 Thread 0x0000026567ac6000 Exception <a 'sun/nio/fs/WindowsException'{0x000000008b40fb00}> (0x000000008b40fb00) thrown at [./src/hotspot/share/prims/jni.cpp, line 616]
Event: 47.325 Thread 0x0000026567ac6000 Exception <a 'sun/nio/fs/WindowsException'{0x000000008b40fdb8}> (0x000000008b40fdb8) thrown at [./src/hotspot/share/prims/jni.cpp, line 616]
Event: 52.202 Thread 0x0000026567ac5000 Exception <a 'sun/nio/fs/WindowsException'{0x000000008ab497b0}> (0x000000008ab497b0) thrown at [./src/hotspot/share/prims/jni.cpp, line 616]
Event: 52.427 Thread 0x0000026567ac9000 Exception <a 'sun/nio/fs/WindowsException'{0x000000008a67c698}> (0x000000008a67c698) thrown at [./src/hotspot/share/prims/jni.cpp, line 616]
Event: 52.438 Thread 0x0000026563f8f000 Exception <a 'sun/nio/fs/WindowsException'{0x000000008c4658f0}> (0x000000008c4658f0) thrown at [./src/hotspot/share/prims/jni.cpp, line 616]
Event: 52.438 Thread 0x0000026563f8f000 Exception <a 'sun/nio/fs/WindowsException'{0x000000008c465970}> (0x000000008c465970) thrown at [./src/hotspot/share/prims/jni.cpp, line 616]
Event: 52.439 Thread 0x0000026563f8f000 Exception <a 'sun/nio/fs/WindowsException'{0x000000008c467240}> (0x000000008c467240) thrown at [./src/hotspot/share/prims/jni.cpp, line 616]
Event: 53.694 Thread 0x0000026564f4b800 Implicit null exception at 0x000002655480c277 to 0x000002655480c860
Event: 53.698 Thread 0x0000026564f4b800 Implicit null exception at 0x0000026554800f74 to 0x000002655480158c

Events (20 events):
Event: 222.492 Executing VM operation: RevokeBias done
Event: 222.493 Thread 0x0000026565c55000 Thread added: 0x0000026565c55000
Event: 222.494 Thread 0x00000265657c3000 Thread added: 0x00000265657c3000
Event: 222.496 Thread 0x00000265657c5800 Thread added: 0x00000265657c5800
Event: 222.496 Thread 0x00000265657c6800 Thread added: 0x00000265657c6800
Event: 222.501 Thread 0x00000265657c4000 Thread added: 0x00000265657c4000
Event: 222.504 Thread 0x0000026569da0800 Thread added: 0x0000026569da0800
Event: 222.507 Thread 0x0000026569da4800 Thread added: 0x0000026569da4800
Event: 222.509 Thread 0x0000026569da7000 Thread added: 0x0000026569da7000
Event: 223.276 Thread 0x0000026562b62000 flushing nmethod 0x000002655463fc90
Event: 225.003 Thread 0x0000026562b62000 flushing nmethod 0x000002654cff0010
Event: 225.006 Thread 0x0000026562b62000 flushing nmethod 0x000002654cff0d90
Event: 225.012 Thread 0x0000026562b62000 flushing nmethod 0x000002654cff1510
Event: 225.021 Thread 0x0000026562b62000 flushing nmethod 0x000002654cff7910
Event: 225.035 Thread 0x0000026562b62000 flushing nmethod 0x000002654d000510
Event: 225.359 Thread 0x0000026562b62000 flushing nmethod 0x000002654d230410
Event: 226.685 Thread 0x0000026562b62000 flushing nmethod 0x000002654dbd9b10
Event: 226.685 Thread 0x0000026562b62000 flushing nmethod 0x000002654dbda810
Event: 226.685 Thread 0x0000026562b62000 flushing nmethod 0x000002654dbdb490
Event: 226.857 Executing VM operation: G1CollectForAllocation


Dynamic libraries:
0x00007ff60f910000 - 0x00007ff60f91a000 	C:\Program Files\Android\Android Studio\jre\bin\java.exe
0x00007ffa0e450000 - 0x00007ffa0e648000 	C:\Windows\SYSTEM32\ntdll.dll
0x00007ffa0dec0000 - 0x00007ffa0df7d000 	C:\Windows\System32\KERNEL32.DLL
0x00007ffa0c0d0000 - 0x00007ffa0c3a2000 	C:\Windows\System32\KERNELBASE.dll
0x00007ffa0bc60000 - 0x00007ffa0bd60000 	C:\Windows\System32\ucrtbase.dll
0x00007ff9f5280000 - 0x00007ff9f5297000 	C:\Program Files\Android\Android Studio\jre\bin\VCRUNTIME140.dll
0x00007ff9f39e0000 - 0x00007ff9f39f9000 	C:\Program Files\Android\Android Studio\jre\bin\jli.dll
0x00007ffa0d9d0000 - 0x00007ffa0db6d000 	C:\Windows\System32\USER32.dll
0x00007ffa0bd60000 - 0x00007ffa0bd82000 	C:\Windows\System32\win32u.dll
0x00007ffa0d9a0000 - 0x00007ffa0d9cb000 	C:\Windows\System32\GDI32.dll
0x00007ff9f5aa0000 - 0x00007ff9f5d3a000 	C:\Windows\WinSxS\amd64_microsoft.windows.common-controls_6595b64144ccf1df_6.0.19041.1110_none_60b5254171f9507e\COMCTL32.dll
0x00007ffa0bdc0000 - 0x00007ffa0becf000 	C:\Windows\System32\gdi32full.dll
0x00007ffa0bed0000 - 0x00007ffa0bf6d000 	C:\Windows\System32\msvcp_win.dll
0x00007ffa0c6d0000 - 0x00007ffa0c76e000 	C:\Windows\System32\msvcrt.dll
0x00007ffa0c830000 - 0x00007ffa0c860000 	C:\Windows\System32\IMM32.DLL
0x00007ff9cb4a0000 - 0x00007ff9cb53d000 	C:\Program Files\Android\Android Studio\jre\bin\msvcp140.dll
0x00007ff98a4e0000 - 0x00007ff98afe2000 	C:\Program Files\Android\Android Studio\jre\bin\server\jvm.dll
0x00007ffa0c8c0000 - 0x00007ffa0c96e000 	C:\Windows\System32\ADVAPI32.dll
0x00007ffa0cca0000 - 0x00007ffa0cd3c000 	C:\Windows\System32\sechost.dll
0x00007ffa0e2e0000 - 0x00007ffa0e405000 	C:\Windows\System32\RPCRT4.dll
0x00007ff9f48f0000 - 0x00007ff9f4917000 	C:\Windows\SYSTEM32\WINMM.dll
0x00007ffa01cb0000 - 0x00007ffa01cba000 	C:\Windows\SYSTEM32\VERSION.dll
0x00007ffa0c770000 - 0x00007ffa0c778000 	C:\Windows\System32\PSAPI.DLL
0x00007ffa042b0000 - 0x00007ffa042b9000 	C:\Windows\SYSTEM32\WSOCK32.dll
0x00007ffa0c970000 - 0x00007ffa0c9db000 	C:\Windows\System32\ws2_32.DLL
0x00007ffa0a3e0000 - 0x00007ffa0a3f2000 	C:\Windows\SYSTEM32\kernel.appcore.dll
0x00007ffa03be0000 - 0x00007ffa03bf1000 	C:\Program Files\Android\Android Studio\jre\bin\verify.dll
0x00007ff9fd370000 - 0x00007ff9fd554000 	C:\Windows\SYSTEM32\DBGHELP.DLL
0x00007ff9ec5e0000 - 0x00007ff9ec60c000 	C:\Windows\SYSTEM32\dbgcore.DLL
0x00007ffa0bb60000 - 0x00007ffa0bbe2000 	C:\Windows\System32\bcryptPrimitives.dll
0x00007ff9fd120000 - 0x00007ff9fd149000 	C:\Program Files\Android\Android Studio\jre\bin\java.dll
0x00007ffa042a0000 - 0x00007ffa042ab000 	C:\Program Files\Android\Android Studio\jre\bin\jimage.dll
0x00007ffa01c40000 - 0x00007ffa01c58000 	C:\Program Files\Android\Android Studio\jre\bin\zip.dll
0x00007ffa0d250000 - 0x00007ffa0d993000 	C:\Windows\System32\SHELL32.dll
0x00007ffa09c00000 - 0x00007ffa0a391000 	C:\Windows\SYSTEM32\windows.storage.dll
0x00007ffa0df80000 - 0x00007ffa0e2d4000 	C:\Windows\System32\combase.dll
0x00007ffa0b4e0000 - 0x00007ffa0b510000 	C:\Windows\SYSTEM32\Wldp.dll
0x00007ffa0c780000 - 0x00007ffa0c82d000 	C:\Windows\System32\SHCORE.dll
0x00007ffa0dd80000 - 0x00007ffa0ddd5000 	C:\Windows\System32\shlwapi.dll
0x00007ffa0baa0000 - 0x00007ffa0babf000 	C:\Windows\SYSTEM32\profapi.dll
0x00007ffa01a10000 - 0x00007ffa01a2a000 	C:\Program Files\Android\Android Studio\jre\bin\net.dll
0x00007ff9fb450000 - 0x00007ff9fb55d000 	C:\Windows\SYSTEM32\WINHTTP.dll
0x00007ffa0b240000 - 0x00007ffa0b2aa000 	C:\Windows\system32\mswsock.dll
0x00007ffa01890000 - 0x00007ffa018a4000 	C:\Program Files\Android\Android Studio\jre\bin\nio.dll
0x00007ff9cb610000 - 0x00007ff9cb637000 	D:\pertemuan3\pertemuan3\native\e1d6ef7f7dcc3fd88c89a11ec53ec762bb8ba0a96d01ffa2cd45eb1d1d8dd5c5\windows-amd64\native-platform.dll
0x00007ff996e60000 - 0x00007ff996fa4000 	D:\pertemuan3\pertemuan3\native\0d407fdbe67a94daf76414ababcb853783967236a71b16ec16e742cd7a986fd3\windows-amd64\native-platform-file-events.dll
0x00007ffa03bd0000 - 0x00007ffa03bda000 	C:\Program Files\Android\Android Studio\jre\bin\management.dll
0x00007ffa038c0000 - 0x00007ffa038cd000 	C:\Program Files\Android\Android Studio\jre\bin\management_ext.dll
0x00007ffa0b430000 - 0x00007ffa0b448000 	C:\Windows\SYSTEM32\CRYPTSP.dll
0x00007ffa0ab60000 - 0x00007ffa0ab94000 	C:\Windows\system32\rsaenh.dll
0x00007ffa0bd90000 - 0x00007ffa0bdb7000 	C:\Windows\System32\bcrypt.dll
0x00007ffa0ba20000 - 0x00007ffa0ba4e000 	C:\Windows\SYSTEM32\USERENV.dll
0x00007ffa0b450000 - 0x00007ffa0b45c000 	C:\Windows\SYSTEM32\CRYPTBASE.dll
0x00007ffa0af30000 - 0x00007ffa0af6b000 	C:\Windows\SYSTEM32\IPHLPAPI.DLL
0x00007ffa0deb0000 - 0x00007ffa0deb8000 	C:\Windows\System32\NSI.dll
0x00007ffa01c20000 - 0x00007ffa01c37000 	C:\Windows\SYSTEM32\dhcpcsvc6.DLL
0x00007ffa01be0000 - 0x00007ffa01bfd000 	C:\Windows\SYSTEM32\dhcpcsvc.DLL
0x00007ffa0af70000 - 0x00007ffa0b03a000 	C:\Windows\SYSTEM32\DNSAPI.dll
0x00007ffa0ac80000 - 0x00007ffa0acb3000 	C:\Windows\SYSTEM32\ntmarta.dll

dbghelp: loaded successfully - version: 4.0.5 - missing functions: none
symbol engine: initialized successfully - sym options: 0x614 - pdb path: .;C:\Program Files\Android\Android Studio\jre\bin;C:\Windows\SYSTEM32;C:\Windows\WinSxS\amd64_microsoft.windows.common-controls_6595b64144ccf1df_6.0.19041.1110_none_60b5254171f9507e;C:\Program Files\Android\Android Studio\jre\bin\server;D:\pertemuan3\pertemuan3\native\e1d6ef7f7dcc3fd88c89a11ec53ec762bb8ba0a96d01ffa2cd45eb1d1d8dd5c5\windows-amd64;D:\pertemuan3\pertemuan3\native\0d407fdbe67a94daf76414ababcb853783967236a71b16ec16e742cd7a986fd3\windows-amd64

VM Arguments:
jvm_args: --add-opens=java.base/java.util=ALL-UNNAMED --add-opens=java.base/java.lang=ALL-UNNAMED --add-opens=java.base/java.lang.invoke=ALL-UNNAMED --add-opens=java.base/java.util=ALL-UNNAMED --add-opens=java.prefs/java.util.prefs=ALL-UNNAMED --add-opens=java.prefs/java.util.prefs=ALL-UNNAMED --add-opens=java.base/java.nio.charset=ALL-UNNAMED --add-opens=java.base/java.net=ALL-UNNAMED --add-opens=java.base/java.util.concurrent.atomic=ALL-UNNAMED -Xmx2048m -Dfile.encoding=UTF-8 -Duser.country=ID -Duser.language=en -Duser.variant 
java_command: org.gradle.launcher.daemon.bootstrap.GradleDaemon 7.4
java_class_path (initial): D:\pertemuan3\pertemuan3\wrapper\dists\gradle-7.4-bin\c0gwcg53nkjbqw7r0h0umtfvt\gradle-7.4\lib\gradle-launcher-7.4.jar
Launcher Type: SUN_STANDARD

[Global flags]
     intx CICompilerCount                          = 3                                         {product} {ergonomic}
     uint ConcGCThreads                            = 1                                         {product} {ergonomic}
     uint G1ConcRefinementThreads                  = 4                                         {product} {ergonomic}
   size_t G1HeapRegionSize                         = 1048576                                   {product} {ergonomic}
    uintx GCDrainStackTargetSize                   = 64                                        {product} {ergonomic}
   size_t InitialHeapSize                          = 65011712                                  {product} {ergonomic}
   size_t MarkStackSize                            = 4194304                                   {product} {ergonomic}
   size_t MaxHeapSize                              = 2147483648                                {product} {command line}
   size_t MaxNewSize                               = 1287651328                                {product} {ergonomic}
   size_t MinHeapDeltaBytes                        = 1048576                                   {product} {ergonomic}
    uintx NonNMethodCodeHeapSize                   = 5830732                                {pd product} {ergonomic}
    uintx NonProfiledCodeHeapSize                  = 122913754                              {pd product} {ergonomic}
    uintx ProfiledCodeHeapSize                     = 122913754                              {pd product} {ergonomic}
    uintx ReservedCodeCacheSize                    = 251658240                              {pd product} {ergonomic}
     bool SegmentedCodeCache                       = true                                      {product} {ergonomic}
     bool UseCompressedClassPointers               = true                                 {lp64_product} {ergonomic}
     bool UseCompressedOops                        = true                                 {lp64_product} {ergonomic}
     bool UseG1GC                                  = true                                      {product} {ergonomic}
     bool UseLargePagesIndividualAllocation        = false                                  {pd product} {ergonomic}

Logging:
Log output configuration:
 #0: stdout all=warning uptime,level,tags
 #1: stderr all=off uptime,level,tags

Environment Variables:
JAVA_HOME=C:\Program Files\Java\jdk-17.0.4.1
PATH=C:\Program Files\Java\jdk-17.0.4.1\bin;C:\Program Files (x86)\Borland\Delphi7\Bin;C:\Program Files (x86)\Borland\Delphi7\Projects\Bpl\;D:\Embarcadero\Studio\20.0\bin;C:\Users\Public\Documents\Embarcadero\Studio\20.0\Bpl;D:\Embarcadero\Studio\20.0\bin64;C:\Users\Public\Documents\Embarcadero\Studio\20.0\Bpl\Win64;C:\Program Files (x86)\Common Files\Intel\Shared Files\cpp\bin\Intel64;C:\Windows\system32;C:\Windows;C:\Windows\System32\Wbem;C:\Windows\System32\WindowsPowerShell\v1.0\;C:\Windows\System32\OpenSSH\;C:\Program Files\Microsoft SQL Server\110\Tools\Binn\;C:\Program Files\php-8.1.4;C:\ProgramData\ComposerSetup\bin;C:\Program Files\Microsoft SQL Server\Client SDK\ODBC\110\Tools\Binn\;C:\Program Files (x86)\Microsoft SQL Server\120\Tools\Binn\;C:\Program Files\Microsoft SQL Server\120\Tools\Binn\;C:\Program Files\Microsoft SQL Server\120\DTS\Binn\;C:\Program Files (x86)\Microsoft SQL Server\120\Tools\Binn\ManagementStudio\;C:\Program Files (x86)\Microsoft SQL Server\120\DTS\Binn\;C:\Program Files\Git\cmd;C:\Users\USER\AppData\Roaming\Composer\vendor\bin;C:\Program Files\nodejs\;C:\Program Files (x86)\Windows Kits\8.1\Windows Performance Toolkit\;C:\Users\USER\AppData\Local\Microsoft\WindowsApps;;C:\Users\USER\AppData\Local\Programs\Microsoft VS Code\bin;C:\Users\USER\AppData\Roaming\Composer\vendor\bin;C:\Users\USER\AppData\Roaming\npm
USERNAME=USER
OS=Windows_NT
PROCESSOR_IDENTIFIER=Intel64 Family 6 Model 142 Stepping 12, GenuineIntel



---------------  S Y S T E M  ---------------

OS: Windows 10 , 64 bit Build 19041 (10.0.19041.1889)
OS uptime: 2 days 14:54 hours

CPU:total 4 (initial active 4) (2 cores per cpu, 2 threads per core) family 6 model 142 stepping 12 microcode 0xde, cmov, cx8, fxsr, mmx, sse, sse2, sse3, ssse3, sse4.1, sse4.2, popcnt, avx, avx2, aes, clmul, erms, 3dnowpref, lzcnt, ht, tsc, tscinvbit, bmi1, bmi2, adx, fma

Memory: 4k page, system-wide physical 3933M (4M free)
TotalPageFile size 16221M (AvailPageFile size 30M)
current process WorkingSet (physical memory assigned to process): 46M, peak: 482M
current process commit charge ("private bytes"): 495M, peak: 536M

vm_info: OpenJDK 64-Bit Server VM (11.0.13+0-b1751.21-8125866) for windows-amd64 JRE (11.0.13+0-b1751.21-8125866), built on Feb  2 2022 03:00:22 by "builder" with MS VC++ 14.0 (VS2015)

END.
